<?xml version="1.0" encoding="utf-8"?>
<shfbBuild product="Sandcastle Help File Builder and Tools" version="2021.4.9.0" projectFile="C:\Users\nando\Documents\GitHub\CovidReader\src\csharp\Docs\CovidReader.Document\CovidReader.Document.shfbproj" started="2021/08/30 12:12:11">
<buildStep step="Initializing">
Finding tools...
The Sandcastle tools are located in &#39;C:\Program Files (x86)\EWSoftware\Sandcastle Help File Builder\&#39;
Searching for HTML Help 1 compiler...
Found HTML Help 1 compiler in &#39;C:\Program Files (x86)\HTML Help Workshop\&#39;
Locating components in the following folder(s):
    C:\Users\nando\Documents\GitHub\CovidReader\src\csharp\Docs\CovidReader.Document
    C:\ProgramData\EWSoftware\Sandcastle Help File Builder\Components and Plug-Ins\
    C:\Program Files (x86)\EWSoftware\Sandcastle Help File Builder\
Using framework reflection data for &#39;.NET Core/.NET Standard/.NET 5.0+&#39; located in &#39;C:\Program Files (x86)\EWSoftware\Sandcastle Help File Builder\Data\.NET&#39;
Using presentation style &#39;VS2013&#39; located in &#39;C:\Program Files (x86)\EWSoftware\Sandcastle Help File Builder\PresentationStyles\VS2013&#39;
Loading and initializing plug-ins...
Lightweight Website Style Version 2021.4.9.0
Copyright &#169; 2006-2021, Eric Woodruff, All Rights Reserved
Portions Copyright &#169; 2014, Sam Harwell, All Rights Reserved
-------------------------------
Clearing any prior web/markdown output...
</buildStep>
<buildStep step="ValidatingDocumentationSources">
Validating and copying documentation source information
Source: C:\Users\nando\Documents\GitHub\CovidReader\src\csharp\Api\CoronaReader.Api\bin\Debug\netstandard2.0\CoronaReader.Api.dll
SHFB: Warning BE0006: Unable to locate any documentation sources for &#39;C:\Users\nando\Documents\GitHub\CovidReader\src\csharp\Api\CoronaReader.Api\bin\Debug\netstandard2.0\CoronaReader.Api.dll&#39; (Configuration: Debug Platform: AnyCPU)
Source: C:\Users\nando\Documents\GitHub\CovidReader\src\csharp\Api\CoronaReader.Api\bin\Debug\netstandard2.0\CoronaReader.Api.xml
SHFB: Warning BE0006: Unable to locate any documentation sources for &#39;C:\Users\nando\Documents\GitHub\CovidReader\src\csharp\Api\CoronaReader.Api\bin\Debug\netstandard2.0\CoronaReader.Api.xml&#39; (Configuration: Debug Platform: AnyCPU)
    Last step completed in 00:00:00.0250
</buildStep>
<buildStep step="Failed">

SHFB: Error BE0042: You must specify at least one documentation source in the form of an assembly or a Visual Studio solution/project file
   場所 SandcastleBuilder.Utils.BuildEngine.BuildProcess.ValidateDocumentationSources()
   場所 SandcastleBuilder.Utils.BuildEngine.BuildProcess.Build()

</buildStep>
</shfbBuild>
