<?xml version="1.0" encoding="utf-8"?>
<shfbBuild product="Sandcastle Help File Builder and Tools" version="2021.4.9.0" projectFile="C:\Users\nando\Documents\GitHub\CovidReader\helps\CovidReader.Document\CovidReader.Document.shfbproj" started="2021/09/22 0:14:49">
<buildStep step="Initializing">
Finding tools...
The Sandcastle tools are located in &#39;C:\Program Files (x86)\EWSoftware\Sandcastle Help File Builder\&#39;
Searching for HTML Help 1 compiler...
Found HTML Help 1 compiler in &#39;C:\Program Files (x86)\HTML Help Workshop\&#39;
Locating components in the following folder(s):
    C:\Users\nando\Documents\GitHub\CovidReader\helps\CovidReader.Document
    C:\ProgramData\EWSoftware\Sandcastle Help File Builder\Components and Plug-Ins\
    C:\Program Files (x86)\EWSoftware\Sandcastle Help File Builder\
Using framework reflection data for &#39;.NET Core/.NET Standard/.NET 5.0+&#39; located in &#39;C:\Program Files (x86)\EWSoftware\Sandcastle Help File Builder\Data\.NET&#39;
Using presentation style &#39;VS2013&#39; located in &#39;C:\Program Files (x86)\EWSoftware\Sandcastle Help File Builder\PresentationStyles\VS2013&#39;
Loading and initializing plug-ins...
Lightweight Website Style Version 2021.4.9.0
Copyright &#169; 2006-2021, Eric Woodruff, All Rights Reserved
Portions Copyright &#169; 2014, Sam Harwell, All Rights Reserved
</buildStep>
<buildStep step="ClearWorkFolder">
Clearing working folder...
-------------------------------
Clearing any prior web/markdown output...
</buildStep>
<buildStep step="ValidatingDocumentationSources">
Validating and copying documentation source information
Source: C:\Users\nando\Documents\GitHub\CovidReader\src\controllers\CovidReader.Service\bin\Debug\netstandard2.0\CovidReader.Service.dll
    Found assembly &#39;C:\Users\nando\Documents\GitHub\CovidReader\src\controllers\CovidReader.Service\bin\Debug\netstandard2.0\CovidReader.Service.dll&#39;
Source: C:\Users\nando\Documents\GitHub\CovidReader\src\controllers\CovidReader.Service\bin\Debug\netstandard2.0\CovidReader.Service.xml

Copying XML comments files
    C:\Users\nando\Documents\GitHub\CovidReader\src\controllers\CovidReader.Service\bin\Debug\netstandard2.0\CovidReader.Service.xml -&gt; C:\Users\nando\Documents\GitHub\CovidReader\helps\CovidReader.Document\Help\Working\CovidReader.Service.xml
</buildStep>
<buildStep step="GenerateSharedContent">
Generating shared content files (ja-JP, 日本語 (日本))...
<plugIn name="Lightweight Website Style" behavior="After" priority="1000">
</plugIn>    Last step completed in 00:00:00.0100
</buildStep>
<buildStep step="GenerateApiFilter">
Generating API filter for MRefBuilder...
    Last step completed in 00:00:00.0530
</buildStep>
<buildStep step="GenerateReflectionInfo">
Generating reflection information...
[C:\Program Files (x86)\Microsoft Visual Studio\2019\Community\MSBuild\Current\Bin\MSBuild.exe - GenerateRefInfo-aeea4b7a-c6a5-429e-8b2e-d72a079c4f37.proj]
2021/09/22 0:14:52 にビルドを開始しました。
ノード 1 上のプロジェクト &quot;C:\Users\nando\Documents\GitHub\CovidReader\helps\CovidReader.Document\Help\Working\GenerateRefInfo-aeea4b7a-c6a5-429e-8b2e-d72a079c4f37.proj&quot; (既定のターゲット)。
PrepareForBuild:
  ディレクトリ &quot;obj\Debug\&quot; を作成しています。
GenerateBindingRedirects:
  ResolveAssemblyReferences から推奨されるバインド リダイレクトがありません。
GenerateRefInfo:
  MRefBuilder (v2021.4.9.0)
  Copyright c 2006-2021, Microsoft Corporation, All Rights Reserved.
  Portions Copyright c 2006-2021, Eric Woodruff, All Rights Reserved.
  No source code context base path specified.  Source context information is unavailable.
  Loaded 1 assemblies for reflection and 1 dependency assemblies.
  Wrote information on 2 namespaces, 11 types, and 25 members
  Merging duplicate type and member information
  Merged 0 duplicate type(s) and 0 duplicate member(s)
プロジェクト &quot;C:\Users\nando\Documents\GitHub\CovidReader\helps\CovidReader.Document\Help\Working\GenerateRefInfo-aeea4b7a-c6a5-429e-8b2e-d72a079c4f37.proj&quot; (既定のターゲット) のビルドが完了しました。
    Last step completed in 00:00:01.5960
</buildStep>
<buildStep step="TransformReflectionInfo">
Transforming reflection output...
[C:\Program Files (x86)\Microsoft Visual Studio\2019\Community\MSBuild\Current\Bin\MSBuild.exe - TransformManifest.proj]
2021/09/22 0:14:54 にビルドを開始しました。
ノード 1 上のプロジェクト &quot;C:\Users\nando\Documents\GitHub\CovidReader\helps\CovidReader.Document\Help\Working\TransformManifest.proj&quot; (既定のターゲット)。
TransformManifest:
  XslTransform (v2021.4.9.0)
  Copyright c 2006-2021, Microsoft Corporation, All Rights Reserved.
  Portions Copyright c 2006-2021, Eric Woodruff, All Rights Reserved.
  Applying XSL transformation &#39;C:\Program Files (x86)\EWSoftware\Sandcastle Help File Builder\\ProductionTransforms\ApplyVSDocModel.xsl&#39;.
  &quot;C:\Users\nando\Documents\GitHub\CovidReader\helps\CovidReader.Document\Help\Working\reflection.xml&quot; から &quot;C:\Users\nando\Documents\GitHub\CovidReader\helps\CovidReader.Document\Help\Working\reflection.nofilenames&quot; へファイルをコピーしています。
  XslTransform (v2021.4.9.0)
  Copyright c 2006-2021, Microsoft Corporation, All Rights Reserved.
  Portions Copyright c 2006-2021, Eric Woodruff, All Rights Reserved.
  Applying XSL transformation &#39;C:\Program Files (x86)\EWSoftware\Sandcastle Help File Builder\ProductionTransforms\AddFilenames.xsl&#39;.
  XslTransform (v2021.4.9.0)
  Copyright c 2006-2021, Microsoft Corporation, All Rights Reserved.
  Portions Copyright c 2006-2021, Eric Woodruff, All Rights Reserved.
  Applying XSL transformation &#39;C:\Program Files (x86)\EWSoftware\Sandcastle Help File Builder\ProductionTransforms\ReflectionToManifest.xsl&#39;.
プロジェクト &quot;C:\Users\nando\Documents\GitHub\CovidReader\helps\CovidReader.Document\Help\Working\TransformManifest.proj&quot; (既定のターゲット) のビルドが完了しました。
    Last step completed in 00:00:01.1370
</buildStep>
<buildStep step="GenerateNamespaceSummaries">
Generating namespace summary information...
    Last step completed in 00:00:00.0240
</buildStep>
<buildStep step="CopyConceptualContent">
Copying conceptual content...
Copying standard token shared content file...
Checking for other token files...
Checking for code snippets files...
Copying images and creating the media map file...
Generating conceptual topic files
    Parsing topic file &#39;C:\Users\nando\Documents\GitHub\CovidReader\helps\CovidReader.Document\Content\Welcome.aml&#39;
    C:\Users\nando\Documents\GitHub\CovidReader\helps\CovidReader.Document\Content\Welcome.aml -&gt; C:\Users\nando\Documents\GitHub\CovidReader\helps\CovidReader.Document\Help\Working\ddueXml\8acc81bd-6f95-4de0-8c2c-97a04f9176a2.xml
    Parsing topic file &#39;C:\Users\nando\Documents\GitHub\CovidReader\helps\CovidReader.Document\Content\VersionHistory\VersionHistory.aml&#39;
    C:\Users\nando\Documents\GitHub\CovidReader\helps\CovidReader.Document\Content\VersionHistory\VersionHistory.aml -&gt; C:\Users\nando\Documents\GitHub\CovidReader\helps\CovidReader.Document\Help\Working\ddueXml\50fe43ab-9638-4311-b727-b0100745883d.xml
    Parsing topic file &#39;C:\Users\nando\Documents\GitHub\CovidReader\helps\CovidReader.Document\Content\VersionHistory\v1.0.0.0.aml&#39;
    C:\Users\nando\Documents\GitHub\CovidReader\helps\CovidReader.Document\Content\VersionHistory\v1.0.0.0.aml -&gt; C:\Users\nando\Documents\GitHub\CovidReader\helps\CovidReader.Document\Help\Working\ddueXml\6877d56b-b1a5-4360-8c60-f7babf271244.xml
    Last step completed in 00:00:00.0620
</buildStep>
<buildStep step="CreateConceptualTopicConfigs">
Creating conceptual topic configuration files...
    Companion files
    _ContentMetadata_.xml
    Merging topic IDs into manifest.xml
    Last step completed in 00:00:00.0250
</buildStep>
<buildStep step="CopyAdditionalContent">
Copying additional content files...
C:\Users\nando\Documents\GitHub\CovidReader\helps\CovidReader.Document\icons\Help.png -&gt; C:\Users\nando\Documents\GitHub\CovidReader\helps\CovidReader.Document\Help\Working\Output\HtmlHelp1\icons\Help.png
C:\Users\nando\Documents\GitHub\CovidReader\helps\CovidReader.Document\icons\Help.png -&gt; C:\Users\nando\Documents\GitHub\CovidReader\helps\CovidReader.Document\Help\Working\Output\Website\icons\Help.png
    Last step completed in 00:00:00.0180
</buildStep>
<buildStep step="MergeTablesOfContents">
Merging conceptual and additional tables of contents...
    Last step completed in 00:00:00.0040
</buildStep>
<buildStep step="GenerateIntermediateTableOfContents">
Generating intermediate table of contents file...
[C:\Program Files (x86)\Microsoft Visual Studio\2019\Community\MSBuild\Current\Bin\MSBuild.exe - GenerateIntermediateTOC.proj]
2021/09/22 0:14:55 にビルドを開始しました。
ノード 1 上のプロジェクト &quot;C:\Users\nando\Documents\GitHub\CovidReader\helps\CovidReader.Document\Help\Working\GenerateIntermediateTOC.proj&quot; (既定のターゲット)。
GenerateIntermediateTOC:
  XslTransform (v2021.4.9.0)
  Copyright c 2006-2021, Microsoft Corporation, All Rights Reserved.
  Portions Copyright c 2006-2021, Eric Woodruff, All Rights Reserved.
  Applying XSL transformation &#39;C:\Program Files (x86)\EWSoftware\Sandcastle Help File Builder\\ProductionTransforms\CreateVSToc.xsl&#39;.
プロジェクト &quot;C:\Users\nando\Documents\GitHub\CovidReader\helps\CovidReader.Document\Help\Working\GenerateIntermediateTOC.proj&quot; (既定のターゲット) のビルドが完了しました。
Generating conceptual content intermediate TOC file...
    Last step completed in 00:00:00.5241
</buildStep>
<buildStep step="CreateBuildAssemblerConfigs">
Creating Sandcastle configuration files...
    sandcastle.config
    Last step completed in 00:00:00.2110
</buildStep>
<buildStep step="MergeCustomConfigs">
Merging custom build component configurations
C:\Users\nando\Documents\GitHub\CovidReader\helps\CovidReader.Document\Help\Working\sandcastle.config
  Updating reference topic configurations.
  Updating conceptual topic configurations.
    Removing unused ExampleComponent.
    Last step completed in 00:00:00.0130
</buildStep>
<buildStep step="BuildTopics">
Building help topics...
[C:\Program Files (x86)\Microsoft Visual Studio\2019\Community\MSBuild\Current\Bin\MSBuild.exe - BuildTopics.proj]
2021/09/22 0:14:56 にビルドを開始しました。
ノード 1 上のプロジェクト &quot;C:\Users\nando\Documents\GitHub\CovidReader\helps\CovidReader.Document\Help\Working\BuildTopics.proj&quot; (既定のターゲット)。
BuildTopics:
  BuildAssembler (v2021.4.9.0)
  Copyright c 2006-2021, Microsoft Corporation, All Rights Reserved.
  Portions Copyright c 2006-2021, Eric Woodruff, All Rights Reserved.
  Loading configuration...
  Processing topics...
BuildAssembler : warning : ShowMissingComponent: [N:CovidReader.Service] Missing &lt;summary&gt; documentation [C:\Users\nando\Documents\GitHub\CovidReader\helps\CovidReader.Document\Help\Working\BuildTopics.proj]
BuildAssembler : warning : ShowMissingComponent: [T:CovidReader.Service.IAccountService`1] Missing &lt;summary&gt; documentation [C:\Users\nando\Documents\GitHub\CovidReader\helps\CovidReader.Document\Help\Working\BuildTopics.proj]
BuildAssembler : warning : ShowMissingComponent: [T:CovidReader.Service.IAccountService`1] Missing &lt;typeparam name=&quot;T&quot;/&gt; documentation [C:\Users\nando\Documents\GitHub\CovidReader\helps\CovidReader.Document\Help\Working\BuildTopics.proj]
BuildAssembler : warning : ShowMissingComponent: [M:CovidReader.Service.IApiService.RunServerProcess] Missing &lt;returns&gt; documentation [C:\Users\nando\Documents\GitHub\CovidReader\helps\CovidReader.Document\Help\Working\BuildTopics.proj]
BuildAssembler : warning : ShowMissingComponent: [T:CovidReader.Service.IChartConfigService] Missing &lt;summary&gt; documentation [C:\Users\nando\Documents\GitHub\CovidReader\helps\CovidReader.Document\Help\Working\BuildTopics.proj]
BuildAssembler : warning : ShowMissingComponent: [M:CovidReader.Service.IChartConfigService.CreateAsync] Missing &lt;summary&gt; documentation [C:\Users\nando\Documents\GitHub\CovidReader\helps\CovidReader.Document\Help\Working\BuildTopics.proj]
BuildAssembler : warning : ShowMissingComponent: [M:CovidReader.Service.IChartConfigService.CreateAsync] Missing &lt;returns&gt; documentation [C:\Users\nando\Documents\GitHub\CovidReader\helps\CovidReader.Document\Help\Working\BuildTopics.proj]
BuildAssembler : warning : ShowMissingComponent: [M:CovidReader.Service.IChartConfigService.GetAsync] Missing &lt;summary&gt; documentation [C:\Users\nando\Documents\GitHub\CovidReader\helps\CovidReader.Document\Help\Working\BuildTopics.proj]
BuildAssembler : warning : ShowMissingComponent: [M:CovidReader.Service.IChartConfigService.GetAsync] Missing &lt;returns&gt; documentation [C:\Users\nando\Documents\GitHub\CovidReader\helps\CovidReader.Document\Help\Working\BuildTopics.proj]
BuildAssembler : warning : ResolveReferenceLinksComponent: [M:CovidReader.Service.IChartConfigService.GetAsync] Unknown reference link target &#39;T:CovidReader.Models.Api.ChartConfig&#39;. [C:\Users\nando\Documents\GitHub\CovidReader\helps\CovidReader.Document\Help\Working\BuildTopics.proj]
BuildAssembler : warning : ResolveReferenceLinksComponent: [M:CovidReader.Service.IChartConfigService.GetAsync] Unknown reference link target &#39;T:CovidReader.Models.Api.ChartConfig&#39;. [C:\Users\nando\Documents\GitHub\CovidReader\helps\CovidReader.Document\Help\Working\BuildTopics.proj]
BuildAssembler : warning : ShowMissingComponent: [M:CovidReader.Service.IChartConfigService.PostAsync(System.Collections.Generic.IEnumerable{CovidReader.Models.Api.ChartConfig})] Missing &lt;summary&gt; documentation [C:\Users\nando\Documents\GitHub\CovidReader\helps\CovidReader.Document\Help\Working\BuildTopics.proj]
BuildAssembler : warning : ShowMissingComponent: [M:CovidReader.Service.IChartConfigService.PostAsync(System.Collections.Generic.IEnumerable{CovidReader.Models.Api.ChartConfig})] Missing &lt;returns&gt; documentation [C:\Users\nando\Documents\GitHub\CovidReader\helps\CovidReader.Document\Help\Working\BuildTopics.proj]
BuildAssembler : warning : ShowMissingComponent: [M:CovidReader.Service.IChartConfigService.PostAsync(System.Collections.Generic.IEnumerable{CovidReader.Models.Api.ChartConfig})] Missing &lt;param name=&quot;items&quot;/&gt; documentation [C:\Users\nando\Documents\GitHub\CovidReader\helps\CovidReader.Document\Help\Working\BuildTopics.proj]
BuildAssembler : warning : ResolveReferenceLinksComponent: [M:CovidReader.Service.IChartConfigService.PostAsync(System.Collections.Generic.IEnumerable{CovidReader.Models.Api.ChartConfig})] Unknown reference link target &#39;T:CovidReader.Models.Api.ChartConfig&#39;. [C:\Users\nando\Documents\GitHub\CovidReader\helps\CovidReader.Document\Help\Working\BuildTopics.proj]
BuildAssembler : warning : ResolveReferenceLinksComponent: [M:CovidReader.Service.IChartConfigService.PostAsync(System.Collections.Generic.IEnumerable{CovidReader.Models.Api.ChartConfig})] Unknown reference link target &#39;T:CovidReader.Models.Api.ChartConfig&#39;. [C:\Users\nando\Documents\GitHub\CovidReader\helps\CovidReader.Document\Help\Working\BuildTopics.proj]
BuildAssembler : warning : ShowMissingComponent: [T:CovidReader.Service.IChartItemService] Missing &lt;summary&gt; documentation [C:\Users\nando\Documents\GitHub\CovidReader\helps\CovidReader.Document\Help\Working\BuildTopics.proj]
BuildAssembler : warning : ShowMissingComponent: [M:CovidReader.Service.IChartItemService.CreateAsync(System.Collections.Generic.IEnumerable{CovidReader.Models.Api.Infection})] Missing &lt;summary&gt; documentation [C:\Users\nando\Documents\GitHub\CovidReader\helps\CovidReader.Document\Help\Working\BuildTopics.proj]
BuildAssembler : warning : ShowMissingComponent: [M:CovidReader.Service.IChartItemService.CreateAsync(System.Collections.Generic.IEnumerable{CovidReader.Models.Api.Infection})] Missing &lt;returns&gt; documentation [C:\Users\nando\Documents\GitHub\CovidReader\helps\CovidReader.Document\Help\Working\BuildTopics.proj]
BuildAssembler : warning : ShowMissingComponent: [M:CovidReader.Service.IChartItemService.CreateAsync(System.Collections.Generic.IEnumerable{CovidReader.Models.Api.Infection})] Missing &lt;param name=&quot;infections&quot;/&gt; documentation [C:\Users\nando\Documents\GitHub\CovidReader\helps\CovidReader.Document\Help\Working\BuildTopics.proj]
BuildAssembler : warning : ResolveReferenceLinksComponent: [M:CovidReader.Service.IChartItemService.CreateAsync(System.Collections.Generic.IEnumerable{CovidReader.Models.Api.Infection})] Unknown reference link target &#39;T:CovidReader.Models.Api.Infection&#39;. [C:\Users\nando\Documents\GitHub\CovidReader\helps\CovidReader.Document\Help\Working\BuildTopics.proj]
BuildAssembler : warning : ResolveReferenceLinksComponent: [M:CovidReader.Service.IChartItemService.CreateAsync(System.Collections.Generic.IEnumerable{CovidReader.Models.Api.Infection})] Unknown reference link target &#39;T:CovidReader.Models.Api.Infection&#39;. [C:\Users\nando\Documents\GitHub\CovidReader\helps\CovidReader.Document\Help\Working\BuildTopics.proj]
BuildAssembler : warning : ShowMissingComponent: [M:CovidReader.Service.IChartItemService.GetAsync] Missing &lt;summary&gt; documentation [C:\Users\nando\Documents\GitHub\CovidReader\helps\CovidReader.Document\Help\Working\BuildTopics.proj]
BuildAssembler : warning : ShowMissingComponent: [M:CovidReader.Service.IChartItemService.GetAsync] Missing &lt;returns&gt; documentation [C:\Users\nando\Documents\GitHub\CovidReader\helps\CovidReader.Document\Help\Working\BuildTopics.proj]
BuildAssembler : warning : ResolveReferenceLinksComponent: [M:CovidReader.Service.IChartItemService.GetAsync] Unknown reference link target &#39;T:CovidReader.Models.Api.ChartItem&#39;. [C:\Users\nando\Documents\GitHub\CovidReader\helps\CovidReader.Document\Help\Working\BuildTopics.proj]
BuildAssembler : warning : ResolveReferenceLinksComponent: [M:CovidReader.Service.IChartItemService.GetAsync] Unknown reference link target &#39;T:CovidReader.Models.Api.ChartItem&#39;. [C:\Users\nando\Documents\GitHub\CovidReader\helps\CovidReader.Document\Help\Working\BuildTopics.proj]
BuildAssembler : warning : ShowMissingComponent: [M:CovidReader.Service.IChartItemService.PostAsync(System.Collections.Generic.IEnumerable{CovidReader.Models.Api.ChartItem})] Missing &lt;summary&gt; documentation [C:\Users\nando\Documents\GitHub\CovidReader\helps\CovidReader.Document\Help\Working\BuildTopics.proj]
BuildAssembler : warning : ShowMissingComponent: [M:CovidReader.Service.IChartItemService.PostAsync(System.Collections.Generic.IEnumerable{CovidReader.Models.Api.ChartItem})] Missing &lt;returns&gt; documentation [C:\Users\nando\Documents\GitHub\CovidReader\helps\CovidReader.Document\Help\Working\BuildTopics.proj]
BuildAssembler : warning : ShowMissingComponent: [M:CovidReader.Service.IChartItemService.PostAsync(System.Collections.Generic.IEnumerable{CovidReader.Models.Api.ChartItem})] Missing &lt;param name=&quot;items&quot;/&gt; documentation [C:\Users\nando\Documents\GitHub\CovidReader\helps\CovidReader.Document\Help\Working\BuildTopics.proj]
BuildAssembler : warning : ResolveReferenceLinksComponent: [M:CovidReader.Service.IChartItemService.PostAsync(System.Collections.Generic.IEnumerable{CovidReader.Models.Api.ChartItem})] Unknown reference link target &#39;T:CovidReader.Models.Api.ChartItem&#39;. [C:\Users\nando\Documents\GitHub\CovidReader\helps\CovidReader.Document\Help\Working\BuildTopics.proj]
BuildAssembler : warning : ResolveReferenceLinksComponent: [M:CovidReader.Service.IChartItemService.PostAsync(System.Collections.Generic.IEnumerable{CovidReader.Models.Api.ChartItem})] Unknown reference link target &#39;T:CovidReader.Models.Api.ChartItem&#39;. [C:\Users\nando\Documents\GitHub\CovidReader\helps\CovidReader.Document\Help\Working\BuildTopics.proj]
BuildAssembler : warning : ShowMissingComponent: [T:CovidReader.Service.ICommands`1] Missing &lt;summary&gt; documentation [C:\Users\nando\Documents\GitHub\CovidReader\helps\CovidReader.Document\Help\Working\BuildTopics.proj]
BuildAssembler : warning : ShowMissingComponent: [T:CovidReader.Service.ICommands`1] Missing &lt;typeparam name=&quot;T&quot;/&gt; documentation [C:\Users\nando\Documents\GitHub\CovidReader\helps\CovidReader.Document\Help\Working\BuildTopics.proj]
BuildAssembler : warning : ShowMissingComponent: [M:CovidReader.Service.ICommands`1.DeleteAsync(`0)] Missing &lt;summary&gt; documentation [C:\Users\nando\Documents\GitHub\CovidReader\helps\CovidReader.Document\Help\Working\BuildTopics.proj]
BuildAssembler : warning : ShowMissingComponent: [M:CovidReader.Service.ICommands`1.DeleteAsync(`0)] Missing &lt;returns&gt; documentation [C:\Users\nando\Documents\GitHub\CovidReader\helps\CovidReader.Document\Help\Working\BuildTopics.proj]
BuildAssembler : warning : ShowMissingComponent: [M:CovidReader.Service.ICommands`1.DeleteAsync(`0)] Missing &lt;param name=&quot;entity&quot;/&gt; documentation [C:\Users\nando\Documents\GitHub\CovidReader\helps\CovidReader.Document\Help\Working\BuildTopics.proj]
BuildAssembler : warning : ShowMissingComponent: [M:CovidReader.Service.ICommands`1.SaveAsync(`0)] Missing &lt;summary&gt; documentation [C:\Users\nando\Documents\GitHub\CovidReader\helps\CovidReader.Document\Help\Working\BuildTopics.proj]
BuildAssembler : warning : ShowMissingComponent: [M:CovidReader.Service.ICommands`1.SaveAsync(`0)] Missing &lt;returns&gt; documentation [C:\Users\nando\Documents\GitHub\CovidReader\helps\CovidReader.Document\Help\Working\BuildTopics.proj]
BuildAssembler : warning : ShowMissingComponent: [M:CovidReader.Service.ICommands`1.SaveAsync(`0)] Missing &lt;param name=&quot;entity&quot;/&gt; documentation [C:\Users\nando\Documents\GitHub\CovidReader\helps\CovidReader.Document\Help\Working\BuildTopics.proj]
BuildAssembler : warning : ShowMissingComponent: [M:CovidReader.Service.ICovid19Service.GetAsync``1] Missing &lt;typeparam name=&quot;T&quot;/&gt; documentation [C:\Users\nando\Documents\GitHub\CovidReader\helps\CovidReader.Document\Help\Working\BuildTopics.proj]
BuildAssembler : warning : ShowMissingComponent: [M:CovidReader.Service.ICovid19Service.GetAsync``1] Missing &lt;returns&gt; documentation [C:\Users\nando\Documents\GitHub\CovidReader\helps\CovidReader.Document\Help\Working\BuildTopics.proj]
BuildAssembler : warning : ShowMissingComponent: [M:CovidReader.Service.ICovid19Service.MapperToRepositoryAsync] Missing &lt;returns&gt; documentation [C:\Users\nando\Documents\GitHub\CovidReader\helps\CovidReader.Document\Help\Working\BuildTopics.proj]
BuildAssembler : warning : ShowMissingComponent: [M:CovidReader.Service.ICovid19Service.PostAsync(System.Collections.Generic.IEnumerable{CovidReader.Models.Covid19.MHLW.Death},System.Collections.Generic.IEnumerable{CovidReader.Models.Covid19.MHLW.Hospitalization},System.Collections.Generic.IEnumerable{CovidReader.Models.Covid19.MHLW.Positive},System.Collections.Generic.IEnumerable{CovidReader.Models.Covid19.MHLW.Recovery},System.Collections.Generic.IEnumerable{CovidReader.Models.Covid19.MHLW.Severe},System.Collections.Generic.IEnumerable{CovidReader.Models.Covid19.MHLW.Test},System.Collections.Generic.IEnumerable{CovidReader.Models.Covid19.MHLW.TestDetail})] Missing &lt;returns&gt; documentation [C:\Users\nando\Documents\GitHub\CovidReader\helps\CovidReader.Document\Help\Working\BuildTopics.proj]
BuildAssembler : warning : ResolveReferenceLinksComponent: [M:CovidReader.Service.ICovid19Service.PostAsync(System.Collections.Generic.IEnumerable{CovidReader.Models.Covid19.MHLW.Death},System.Collections.Generic.IEnumerable{CovidReader.Models.Covid19.MHLW.Hospitalization},System.Collections.Generic.IEnumerable{CovidReader.Models.Covid19.MHLW.Positive},System.Collections.Generic.IEnumerable{CovidReader.Models.Covid19.MHLW.Recovery},System.Collections.Generic.IEnumerable{CovidReader.Models.Covid19.MHLW.Severe},System.Collections.Generic.IEnumerable{CovidReader.Models.Covid19.MHLW.Test},System.Collections.Generic.IEnumerable{CovidReader.Models.Covid19.MHLW.TestDetail})] Unknown reference link target &#39;T:CovidReader.Models.Covid19.MHLW.Death&#39;. [C:\Users\nando\Documents\GitHub\CovidReader\helps\CovidReader.Document\Help\Working\BuildTopics.proj]
BuildAssembler : warning : ResolveReferenceLinksComponent: [M:CovidReader.Service.ICovid19Service.PostAsync(System.Collections.Generic.IEnumerable{CovidReader.Models.Covid19.MHLW.Death},System.Collections.Generic.IEnumerable{CovidReader.Models.Covid19.MHLW.Hospitalization},System.Collections.Generic.IEnumerable{CovidReader.Models.Covid19.MHLW.Positive},System.Collections.Generic.IEnumerable{CovidReader.Models.Covid19.MHLW.Recovery},System.Collections.Generic.IEnumerable{CovidReader.Models.Covid19.MHLW.Severe},System.Collections.Generic.IEnumerable{CovidReader.Models.Covid19.MHLW.Test},System.Collections.Generic.IEnumerable{CovidReader.Models.Covid19.MHLW.TestDetail})] Unknown reference link target &#39;T:CovidReader.Models.Covid19.MHLW.Hospitalization&#39;. [C:\Users\nando\Documents\GitHub\CovidReader\helps\CovidReader.Document\Help\Working\BuildTopics.proj]
BuildAssembler : warning : ResolveReferenceLinksComponent: [M:CovidReader.Service.ICovid19Service.PostAsync(System.Collections.Generic.IEnumerable{CovidReader.Models.Covid19.MHLW.Death},System.Collections.Generic.IEnumerable{CovidReader.Models.Covid19.MHLW.Hospitalization},System.Collections.Generic.IEnumerable{CovidReader.Models.Covid19.MHLW.Positive},System.Collections.Generic.IEnumerable{CovidReader.Models.Covid19.MHLW.Recovery},System.Collections.Generic.IEnumerable{CovidReader.Models.Covid19.MHLW.Severe},System.Collections.Generic.IEnumerable{CovidReader.Models.Covid19.MHLW.Test},System.Collections.Generic.IEnumerable{CovidReader.Models.Covid19.MHLW.TestDetail})] Unknown reference link target &#39;T:CovidReader.Models.Covid19.MHLW.Positive&#39;. [C:\Users\nando\Documents\GitHub\CovidReader\helps\CovidReader.Document\Help\Working\BuildTopics.proj]
BuildAssembler : warning : ResolveReferenceLinksComponent: [M:CovidReader.Service.ICovid19Service.PostAsync(System.Collections.Generic.IEnumerable{CovidReader.Models.Covid19.MHLW.Death},System.Collections.Generic.IEnumerable{CovidReader.Models.Covid19.MHLW.Hospitalization},System.Collections.Generic.IEnumerable{CovidReader.Models.Covid19.MHLW.Positive},System.Collections.Generic.IEnumerable{CovidReader.Models.Covid19.MHLW.Recovery},System.Collections.Generic.IEnumerable{CovidReader.Models.Covid19.MHLW.Severe},System.Collections.Generic.IEnumerable{CovidReader.Models.Covid19.MHLW.Test},System.Collections.Generic.IEnumerable{CovidReader.Models.Covid19.MHLW.TestDetail})] Unknown reference link target &#39;T:CovidReader.Models.Covid19.MHLW.Recovery&#39;. [C:\Users\nando\Documents\GitHub\CovidReader\helps\CovidReader.Document\Help\Working\BuildTopics.proj]
BuildAssembler : warning : ResolveReferenceLinksComponent: [M:CovidReader.Service.ICovid19Service.PostAsync(System.Collections.Generic.IEnumerable{CovidReader.Models.Covid19.MHLW.Death},System.Collections.Generic.IEnumerable{CovidReader.Models.Covid19.MHLW.Hospitalization},System.Collections.Generic.IEnumerable{CovidReader.Models.Covid19.MHLW.Positive},System.Collections.Generic.IEnumerable{CovidReader.Models.Covid19.MHLW.Recovery},System.Collections.Generic.IEnumerable{CovidReader.Models.Covid19.MHLW.Severe},System.Collections.Generic.IEnumerable{CovidReader.Models.Covid19.MHLW.Test},System.Collections.Generic.IEnumerable{CovidReader.Models.Covid19.MHLW.TestDetail})] Unknown reference link target &#39;T:CovidReader.Models.Covid19.MHLW.Severe&#39;. [C:\Users\nando\Documents\GitHub\CovidReader\helps\CovidReader.Document\Help\Working\BuildTopics.proj]
BuildAssembler : warning : ResolveReferenceLinksComponent: [M:CovidReader.Service.ICovid19Service.PostAsync(System.Collections.Generic.IEnumerable{CovidReader.Models.Covid19.MHLW.Death},System.Collections.Generic.IEnumerable{CovidReader.Models.Covid19.MHLW.Hospitalization},System.Collections.Generic.IEnumerable{CovidReader.Models.Covid19.MHLW.Positive},System.Collections.Generic.IEnumerable{CovidReader.Models.Covid19.MHLW.Recovery},System.Collections.Generic.IEnumerable{CovidReader.Models.Covid19.MHLW.Severe},System.Collections.Generic.IEnumerable{CovidReader.Models.Covid19.MHLW.Test},System.Collections.Generic.IEnumerable{CovidReader.Models.Covid19.MHLW.TestDetail})] Unknown reference link target &#39;T:CovidReader.Models.Covid19.MHLW.Test&#39;. [C:\Users\nando\Documents\GitHub\CovidReader\helps\CovidReader.Document\Help\Working\BuildTopics.proj]
BuildAssembler : warning : ResolveReferenceLinksComponent: [M:CovidReader.Service.ICovid19Service.PostAsync(System.Collections.Generic.IEnumerable{CovidReader.Models.Covid19.MHLW.Death},System.Collections.Generic.IEnumerable{CovidReader.Models.Covid19.MHLW.Hospitalization},System.Collections.Generic.IEnumerable{CovidReader.Models.Covid19.MHLW.Positive},System.Collections.Generic.IEnumerable{CovidReader.Models.Covid19.MHLW.Recovery},System.Collections.Generic.IEnumerable{CovidReader.Models.Covid19.MHLW.Severe},System.Collections.Generic.IEnumerable{CovidReader.Models.Covid19.MHLW.Test},System.Collections.Generic.IEnumerable{CovidReader.Models.Covid19.MHLW.TestDetail})] Unknown reference link target &#39;T:CovidReader.Models.Covid19.MHLW.TestDetail&#39;. [C:\Users\nando\Documents\GitHub\CovidReader\helps\CovidReader.Document\Help\Working\BuildTopics.proj]
BuildAssembler : warning : ResolveReferenceLinksComponent: [M:CovidReader.Service.ICovid19Service.PostAsync(System.Collections.Generic.IEnumerable{CovidReader.Models.Covid19.MHLW.Death},System.Collections.Generic.IEnumerable{CovidReader.Models.Covid19.MHLW.Hospitalization},System.Collections.Generic.IEnumerable{CovidReader.Models.Covid19.MHLW.Positive},System.Collections.Generic.IEnumerable{CovidReader.Models.Covid19.MHLW.Recovery},System.Collections.Generic.IEnumerable{CovidReader.Models.Covid19.MHLW.Severe},System.Collections.Generic.IEnumerable{CovidReader.Models.Covid19.MHLW.Test},System.Collections.Generic.IEnumerable{CovidReader.Models.Covid19.MHLW.TestDetail})] Unknown reference link target &#39;T:CovidReader.Models.Covid19.MHLW.Death&#39;. [C:\Users\nando\Documents\GitHub\CovidReader\helps\CovidReader.Document\Help\Working\BuildTopics.proj]
BuildAssembler : warning : ResolveReferenceLinksComponent: [M:CovidReader.Service.ICovid19Service.PostAsync(System.Collections.Generic.IEnumerable{CovidReader.Models.Covid19.MHLW.Death},System.Collections.Generic.IEnumerable{CovidReader.Models.Covid19.MHLW.Hospitalization},System.Collections.Generic.IEnumerable{CovidReader.Models.Covid19.MHLW.Positive},System.Collections.Generic.IEnumerable{CovidReader.Models.Covid19.MHLW.Recovery},System.Collections.Generic.IEnumerable{CovidReader.Models.Covid19.MHLW.Severe},System.Collections.Generic.IEnumerable{CovidReader.Models.Covid19.MHLW.Test},System.Collections.Generic.IEnumerable{CovidReader.Models.Covid19.MHLW.TestDetail})] Unknown reference link target &#39;T:CovidReader.Models.Covid19.MHLW.Hospitalization&#39;. [C:\Users\nando\Documents\GitHub\CovidReader\helps\CovidReader.Document\Help\Working\BuildTopics.proj]
BuildAssembler : warning : ResolveReferenceLinksComponent: [M:CovidReader.Service.ICovid19Service.PostAsync(System.Collections.Generic.IEnumerable{CovidReader.Models.Covid19.MHLW.Death},System.Collections.Generic.IEnumerable{CovidReader.Models.Covid19.MHLW.Hospitalization},System.Collections.Generic.IEnumerable{CovidReader.Models.Covid19.MHLW.Positive},System.Collections.Generic.IEnumerable{CovidReader.Models.Covid19.MHLW.Recovery},System.Collections.Generic.IEnumerable{CovidReader.Models.Covid19.MHLW.Severe},System.Collections.Generic.IEnumerable{CovidReader.Models.Covid19.MHLW.Test},System.Collections.Generic.IEnumerable{CovidReader.Models.Covid19.MHLW.TestDetail})] Unknown reference link target &#39;T:CovidReader.Models.Covid19.MHLW.Positive&#39;. [C:\Users\nando\Documents\GitHub\CovidReader\helps\CovidReader.Document\Help\Working\BuildTopics.proj]
BuildAssembler : warning : ResolveReferenceLinksComponent: [M:CovidReader.Service.ICovid19Service.PostAsync(System.Collections.Generic.IEnumerable{CovidReader.Models.Covid19.MHLW.Death},System.Collections.Generic.IEnumerable{CovidReader.Models.Covid19.MHLW.Hospitalization},System.Collections.Generic.IEnumerable{CovidReader.Models.Covid19.MHLW.Positive},System.Collections.Generic.IEnumerable{CovidReader.Models.Covid19.MHLW.Recovery},System.Collections.Generic.IEnumerable{CovidReader.Models.Covid19.MHLW.Severe},System.Collections.Generic.IEnumerable{CovidReader.Models.Covid19.MHLW.Test},System.Collections.Generic.IEnumerable{CovidReader.Models.Covid19.MHLW.TestDetail})] Unknown reference link target &#39;T:CovidReader.Models.Covid19.MHLW.Recovery&#39;. [C:\Users\nando\Documents\GitHub\CovidReader\helps\CovidReader.Document\Help\Working\BuildTopics.proj]
BuildAssembler : warning : ResolveReferenceLinksComponent: [M:CovidReader.Service.ICovid19Service.PostAsync(System.Collections.Generic.IEnumerable{CovidReader.Models.Covid19.MHLW.Death},System.Collections.Generic.IEnumerable{CovidReader.Models.Covid19.MHLW.Hospitalization},System.Collections.Generic.IEnumerable{CovidReader.Models.Covid19.MHLW.Positive},System.Collections.Generic.IEnumerable{CovidReader.Models.Covid19.MHLW.Recovery},System.Collections.Generic.IEnumerable{CovidReader.Models.Covid19.MHLW.Severe},System.Collections.Generic.IEnumerable{CovidReader.Models.Covid19.MHLW.Test},System.Collections.Generic.IEnumerable{CovidReader.Models.Covid19.MHLW.TestDetail})] Unknown reference link target &#39;T:CovidReader.Models.Covid19.MHLW.Severe&#39;. [C:\Users\nando\Documents\GitHub\CovidReader\helps\CovidReader.Document\Help\Working\BuildTopics.proj]
BuildAssembler : warning : ResolveReferenceLinksComponent: [M:CovidReader.Service.ICovid19Service.PostAsync(System.Collections.Generic.IEnumerable{CovidReader.Models.Covid19.MHLW.Death},System.Collections.Generic.IEnumerable{CovidReader.Models.Covid19.MHLW.Hospitalization},System.Collections.Generic.IEnumerable{CovidReader.Models.Covid19.MHLW.Positive},System.Collections.Generic.IEnumerable{CovidReader.Models.Covid19.MHLW.Recovery},System.Collections.Generic.IEnumerable{CovidReader.Models.Covid19.MHLW.Severe},System.Collections.Generic.IEnumerable{CovidReader.Models.Covid19.MHLW.Test},System.Collections.Generic.IEnumerable{CovidReader.Models.Covid19.MHLW.TestDetail})] Unknown reference link target &#39;T:CovidReader.Models.Covid19.MHLW.Test&#39;. [C:\Users\nando\Documents\GitHub\CovidReader\helps\CovidReader.Document\Help\Working\BuildTopics.proj]
BuildAssembler : warning : ResolveReferenceLinksComponent: [M:CovidReader.Service.ICovid19Service.PostAsync(System.Collections.Generic.IEnumerable{CovidReader.Models.Covid19.MHLW.Death},System.Collections.Generic.IEnumerable{CovidReader.Models.Covid19.MHLW.Hospitalization},System.Collections.Generic.IEnumerable{CovidReader.Models.Covid19.MHLW.Positive},System.Collections.Generic.IEnumerable{CovidReader.Models.Covid19.MHLW.Recovery},System.Collections.Generic.IEnumerable{CovidReader.Models.Covid19.MHLW.Severe},System.Collections.Generic.IEnumerable{CovidReader.Models.Covid19.MHLW.Test},System.Collections.Generic.IEnumerable{CovidReader.Models.Covid19.MHLW.TestDetail})] Unknown reference link target &#39;T:CovidReader.Models.Covid19.MHLW.TestDetail&#39;. [C:\Users\nando\Documents\GitHub\CovidReader\helps\CovidReader.Document\Help\Working\BuildTopics.proj]
BuildAssembler : warning : ShowMissingComponent: [M:CovidReader.Service.IInfectionService.CreateAsync(System.Collections.Generic.IList{System.String},System.Collections.Generic.IEnumerable{CovidReader.Models.Covid19.MHLW.Death},System.Collections.Generic.IEnumerable{CovidReader.Models.Covid19.MHLW.Hospitalization},System.Collections.Generic.IEnumerable{CovidReader.Models.Covid19.MHLW.Positive},System.Collections.Generic.IEnumerable{CovidReader.Models.Covid19.MHLW.Recovery},System.Collections.Generic.IEnumerable{CovidReader.Models.Covid19.MHLW.Severe},System.Collections.Generic.IEnumerable{CovidReader.Models.Covid19.MHLW.Test})] Missing &lt;returns&gt; documentation [C:\Users\nando\Documents\GitHub\CovidReader\helps\CovidReader.Document\Help\Working\BuildTopics.proj]
BuildAssembler : warning : ResolveReferenceLinksComponent: [M:CovidReader.Service.IInfectionService.CreateAsync(System.Collections.Generic.IList{System.String},System.Collections.Generic.IEnumerable{CovidReader.Models.Covid19.MHLW.Death},System.Collections.Generic.IEnumerable{CovidReader.Models.Covid19.MHLW.Hospitalization},System.Collections.Generic.IEnumerable{CovidReader.Models.Covid19.MHLW.Positive},System.Collections.Generic.IEnumerable{CovidReader.Models.Covid19.MHLW.Recovery},System.Collections.Generic.IEnumerable{CovidReader.Models.Covid19.MHLW.Severe},System.Collections.Generic.IEnumerable{CovidReader.Models.Covid19.MHLW.Test})] Unknown reference link target &#39;T:CovidReader.Models.Covid19.MHLW.Death&#39;. [C:\Users\nando\Documents\GitHub\CovidReader\helps\CovidReader.Document\Help\Working\BuildTopics.proj]
BuildAssembler : warning : ResolveReferenceLinksComponent: [M:CovidReader.Service.IInfectionService.CreateAsync(System.Collections.Generic.IList{System.String},System.Collections.Generic.IEnumerable{CovidReader.Models.Covid19.MHLW.Death},System.Collections.Generic.IEnumerable{CovidReader.Models.Covid19.MHLW.Hospitalization},System.Collections.Generic.IEnumerable{CovidReader.Models.Covid19.MHLW.Positive},System.Collections.Generic.IEnumerable{CovidReader.Models.Covid19.MHLW.Recovery},System.Collections.Generic.IEnumerable{CovidReader.Models.Covid19.MHLW.Severe},System.Collections.Generic.IEnumerable{CovidReader.Models.Covid19.MHLW.Test})] Unknown reference link target &#39;T:CovidReader.Models.Covid19.MHLW.Hospitalization&#39;. [C:\Users\nando\Documents\GitHub\CovidReader\helps\CovidReader.Document\Help\Working\BuildTopics.proj]
BuildAssembler : warning : ResolveReferenceLinksComponent: [M:CovidReader.Service.IInfectionService.CreateAsync(System.Collections.Generic.IList{System.String},System.Collections.Generic.IEnumerable{CovidReader.Models.Covid19.MHLW.Death},System.Collections.Generic.IEnumerable{CovidReader.Models.Covid19.MHLW.Hospitalization},System.Collections.Generic.IEnumerable{CovidReader.Models.Covid19.MHLW.Positive},System.Collections.Generic.IEnumerable{CovidReader.Models.Covid19.MHLW.Recovery},System.Collections.Generic.IEnumerable{CovidReader.Models.Covid19.MHLW.Severe},System.Collections.Generic.IEnumerable{CovidReader.Models.Covid19.MHLW.Test})] Unknown reference link target &#39;T:CovidReader.Models.Covid19.MHLW.Positive&#39;. [C:\Users\nando\Documents\GitHub\CovidReader\helps\CovidReader.Document\Help\Working\BuildTopics.proj]
BuildAssembler : warning : ResolveReferenceLinksComponent: [M:CovidReader.Service.IInfectionService.CreateAsync(System.Collections.Generic.IList{System.String},System.Collections.Generic.IEnumerable{CovidReader.Models.Covid19.MHLW.Death},System.Collections.Generic.IEnumerable{CovidReader.Models.Covid19.MHLW.Hospitalization},System.Collections.Generic.IEnumerable{CovidReader.Models.Covid19.MHLW.Positive},System.Collections.Generic.IEnumerable{CovidReader.Models.Covid19.MHLW.Recovery},System.Collections.Generic.IEnumerable{CovidReader.Models.Covid19.MHLW.Severe},System.Collections.Generic.IEnumerable{CovidReader.Models.Covid19.MHLW.Test})] Unknown reference link target &#39;T:CovidReader.Models.Covid19.MHLW.Recovery&#39;. [C:\Users\nando\Documents\GitHub\CovidReader\helps\CovidReader.Document\Help\Working\BuildTopics.proj]
BuildAssembler : warning : ResolveReferenceLinksComponent: [M:CovidReader.Service.IInfectionService.CreateAsync(System.Collections.Generic.IList{System.String},System.Collections.Generic.IEnumerable{CovidReader.Models.Covid19.MHLW.Death},System.Collections.Generic.IEnumerable{CovidReader.Models.Covid19.MHLW.Hospitalization},System.Collections.Generic.IEnumerable{CovidReader.Models.Covid19.MHLW.Positive},System.Collections.Generic.IEnumerable{CovidReader.Models.Covid19.MHLW.Recovery},System.Collections.Generic.IEnumerable{CovidReader.Models.Covid19.MHLW.Severe},System.Collections.Generic.IEnumerable{CovidReader.Models.Covid19.MHLW.Test})] Unknown reference link target &#39;T:CovidReader.Models.Covid19.MHLW.Severe&#39;. [C:\Users\nando\Documents\GitHub\CovidReader\helps\CovidReader.Document\Help\Working\BuildTopics.proj]
BuildAssembler : warning : ResolveReferenceLinksComponent: [M:CovidReader.Service.IInfectionService.CreateAsync(System.Collections.Generic.IList{System.String},System.Collections.Generic.IEnumerable{CovidReader.Models.Covid19.MHLW.Death},System.Collections.Generic.IEnumerable{CovidReader.Models.Covid19.MHLW.Hospitalization},System.Collections.Generic.IEnumerable{CovidReader.Models.Covid19.MHLW.Positive},System.Collections.Generic.IEnumerable{CovidReader.Models.Covid19.MHLW.Recovery},System.Collections.Generic.IEnumerable{CovidReader.Models.Covid19.MHLW.Severe},System.Collections.Generic.IEnumerable{CovidReader.Models.Covid19.MHLW.Test})] Unknown reference link target &#39;T:CovidReader.Models.Covid19.MHLW.Test&#39;. [C:\Users\nando\Documents\GitHub\CovidReader\helps\CovidReader.Document\Help\Working\BuildTopics.proj]
BuildAssembler : warning : ResolveReferenceLinksComponent: [M:CovidReader.Service.IInfectionService.CreateAsync(System.Collections.Generic.IList{System.String},System.Collections.Generic.IEnumerable{CovidReader.Models.Covid19.MHLW.Death},System.Collections.Generic.IEnumerable{CovidReader.Models.Covid19.MHLW.Hospitalization},System.Collections.Generic.IEnumerable{CovidReader.Models.Covid19.MHLW.Positive},System.Collections.Generic.IEnumerable{CovidReader.Models.Covid19.MHLW.Recovery},System.Collections.Generic.IEnumerable{CovidReader.Models.Covid19.MHLW.Severe},System.Collections.Generic.IEnumerable{CovidReader.Models.Covid19.MHLW.Test})] Unknown reference link target &#39;T:CovidReader.Models.Covid19.MHLW.Death&#39;. [C:\Users\nando\Documents\GitHub\CovidReader\helps\CovidReader.Document\Help\Working\BuildTopics.proj]
BuildAssembler : warning : ResolveReferenceLinksComponent: [M:CovidReader.Service.IInfectionService.CreateAsync(System.Collections.Generic.IList{System.String},System.Collections.Generic.IEnumerable{CovidReader.Models.Covid19.MHLW.Death},System.Collections.Generic.IEnumerable{CovidReader.Models.Covid19.MHLW.Hospitalization},System.Collections.Generic.IEnumerable{CovidReader.Models.Covid19.MHLW.Positive},System.Collections.Generic.IEnumerable{CovidReader.Models.Covid19.MHLW.Recovery},System.Collections.Generic.IEnumerable{CovidReader.Models.Covid19.MHLW.Severe},System.Collections.Generic.IEnumerable{CovidReader.Models.Covid19.MHLW.Test})] Unknown reference link target &#39;T:CovidReader.Models.Covid19.MHLW.Hospitalization&#39;. [C:\Users\nando\Documents\GitHub\CovidReader\helps\CovidReader.Document\Help\Working\BuildTopics.proj]
BuildAssembler : warning : ResolveReferenceLinksComponent: [M:CovidReader.Service.IInfectionService.CreateAsync(System.Collections.Generic.IList{System.String},System.Collections.Generic.IEnumerable{CovidReader.Models.Covid19.MHLW.Death},System.Collections.Generic.IEnumerable{CovidReader.Models.Covid19.MHLW.Hospitalization},System.Collections.Generic.IEnumerable{CovidReader.Models.Covid19.MHLW.Positive},System.Collections.Generic.IEnumerable{CovidReader.Models.Covid19.MHLW.Recovery},System.Collections.Generic.IEnumerable{CovidReader.Models.Covid19.MHLW.Severe},System.Collections.Generic.IEnumerable{CovidReader.Models.Covid19.MHLW.Test})] Unknown reference link target &#39;T:CovidReader.Models.Covid19.MHLW.Positive&#39;. [C:\Users\nando\Documents\GitHub\CovidReader\helps\CovidReader.Document\Help\Working\BuildTopics.proj]
BuildAssembler : warning : ResolveReferenceLinksComponent: [M:CovidReader.Service.IInfectionService.CreateAsync(System.Collections.Generic.IList{System.String},System.Collections.Generic.IEnumerable{CovidReader.Models.Covid19.MHLW.Death},System.Collections.Generic.IEnumerable{CovidReader.Models.Covid19.MHLW.Hospitalization},System.Collections.Generic.IEnumerable{CovidReader.Models.Covid19.MHLW.Positive},System.Collections.Generic.IEnumerable{CovidReader.Models.Covid19.MHLW.Recovery},System.Collections.Generic.IEnumerable{CovidReader.Models.Covid19.MHLW.Severe},System.Collections.Generic.IEnumerable{CovidReader.Models.Covid19.MHLW.Test})] Unknown reference link target &#39;T:CovidReader.Models.Covid19.MHLW.Recovery&#39;. [C:\Users\nando\Documents\GitHub\CovidReader\helps\CovidReader.Document\Help\Working\BuildTopics.proj]
BuildAssembler : warning : ResolveReferenceLinksComponent: [M:CovidReader.Service.IInfectionService.CreateAsync(System.Collections.Generic.IList{System.String},System.Collections.Generic.IEnumerable{CovidReader.Models.Covid19.MHLW.Death},System.Collections.Generic.IEnumerable{CovidReader.Models.Covid19.MHLW.Hospitalization},System.Collections.Generic.IEnumerable{CovidReader.Models.Covid19.MHLW.Positive},System.Collections.Generic.IEnumerable{CovidReader.Models.Covid19.MHLW.Recovery},System.Collections.Generic.IEnumerable{CovidReader.Models.Covid19.MHLW.Severe},System.Collections.Generic.IEnumerable{CovidReader.Models.Covid19.MHLW.Test})] Unknown reference link target &#39;T:CovidReader.Models.Covid19.MHLW.Severe&#39;. [C:\Users\nando\Documents\GitHub\CovidReader\helps\CovidReader.Document\Help\Working\BuildTopics.proj]
BuildAssembler : warning : ResolveReferenceLinksComponent: [M:CovidReader.Service.IInfectionService.CreateAsync(System.Collections.Generic.IList{System.String},System.Collections.Generic.IEnumerable{CovidReader.Models.Covid19.MHLW.Death},System.Collections.Generic.IEnumerable{CovidReader.Models.Covid19.MHLW.Hospitalization},System.Collections.Generic.IEnumerable{CovidReader.Models.Covid19.MHLW.Positive},System.Collections.Generic.IEnumerable{CovidReader.Models.Covid19.MHLW.Recovery},System.Collections.Generic.IEnumerable{CovidReader.Models.Covid19.MHLW.Severe},System.Collections.Generic.IEnumerable{CovidReader.Models.Covid19.MHLW.Test})] Unknown reference link target &#39;T:CovidReader.Models.Covid19.MHLW.Test&#39;. [C:\Users\nando\Documents\GitHub\CovidReader\helps\CovidReader.Document\Help\Working\BuildTopics.proj]
BuildAssembler : warning : ShowMissingComponent: [M:CovidReader.Service.IInfectionService.GetAsync] Missing &lt;returns&gt; documentation [C:\Users\nando\Documents\GitHub\CovidReader\helps\CovidReader.Document\Help\Working\BuildTopics.proj]
BuildAssembler : warning : ResolveReferenceLinksComponent: [M:CovidReader.Service.IInfectionService.GetAsync] Unknown reference link target &#39;T:CovidReader.Models.Api.Infection&#39;. [C:\Users\nando\Documents\GitHub\CovidReader\helps\CovidReader.Document\Help\Working\BuildTopics.proj]
BuildAssembler : warning : ResolveReferenceLinksComponent: [M:CovidReader.Service.IInfectionService.GetAsync] Unknown reference link target &#39;T:CovidReader.Models.Api.Infection&#39;. [C:\Users\nando\Documents\GitHub\CovidReader\helps\CovidReader.Document\Help\Working\BuildTopics.proj]
BuildAssembler : warning : ShowMissingComponent: [M:CovidReader.Service.IInfectionService.PostAsync(System.Collections.Generic.IEnumerable{CovidReader.Models.Api.Infection})] Missing &lt;returns&gt; documentation [C:\Users\nando\Documents\GitHub\CovidReader\helps\CovidReader.Document\Help\Working\BuildTopics.proj]
BuildAssembler : warning : ResolveReferenceLinksComponent: [M:CovidReader.Service.IInfectionService.PostAsync(System.Collections.Generic.IEnumerable{CovidReader.Models.Api.Infection})] Unknown reference link target &#39;T:CovidReader.Models.Api.Infection&#39;. [C:\Users\nando\Documents\GitHub\CovidReader\helps\CovidReader.Document\Help\Working\BuildTopics.proj]
BuildAssembler : warning : ResolveReferenceLinksComponent: [M:CovidReader.Service.IInfectionService.PostAsync(System.Collections.Generic.IEnumerable{CovidReader.Models.Api.Infection})] Unknown reference link target &#39;T:CovidReader.Models.Api.Infection&#39;. [C:\Users\nando\Documents\GitHub\CovidReader\helps\CovidReader.Document\Help\Working\BuildTopics.proj]
BuildAssembler : warning : ShowMissingComponent: [M:CovidReader.Service.IInspectionService.CreateAsync(System.Collections.Generic.IList{System.String},System.Collections.Generic.IEnumerable{CovidReader.Models.Covid19.MHLW.TestDetail})] Missing &lt;returns&gt; documentation [C:\Users\nando\Documents\GitHub\CovidReader\helps\CovidReader.Document\Help\Working\BuildTopics.proj]
BuildAssembler : warning : ShowMissingComponent: [M:CovidReader.Service.IInspectionService.CreateAsync(System.Collections.Generic.IList{System.String},System.Collections.Generic.IEnumerable{CovidReader.Models.Covid19.MHLW.TestDetail})] Missing &lt;param name=&quot;dates&quot;/&gt; documentation [C:\Users\nando\Documents\GitHub\CovidReader\helps\CovidReader.Document\Help\Working\BuildTopics.proj]
BuildAssembler : warning : ShowMissingComponent: [M:CovidReader.Service.IInspectionService.CreateAsync(System.Collections.Generic.IList{System.String},System.Collections.Generic.IEnumerable{CovidReader.Models.Covid19.MHLW.TestDetail})] Missing &lt;param name=&quot;testDetails&quot;/&gt; documentation [C:\Users\nando\Documents\GitHub\CovidReader\helps\CovidReader.Document\Help\Working\BuildTopics.proj]
BuildAssembler : warning : ResolveReferenceLinksComponent: [M:CovidReader.Service.IInspectionService.CreateAsync(System.Collections.Generic.IList{System.String},System.Collections.Generic.IEnumerable{CovidReader.Models.Covid19.MHLW.TestDetail})] Unknown reference link target &#39;T:CovidReader.Models.Covid19.MHLW.TestDetail&#39;. [C:\Users\nando\Documents\GitHub\CovidReader\helps\CovidReader.Document\Help\Working\BuildTopics.proj]
BuildAssembler : warning : ResolveReferenceLinksComponent: [M:CovidReader.Service.IInspectionService.CreateAsync(System.Collections.Generic.IList{System.String},System.Collections.Generic.IEnumerable{CovidReader.Models.Covid19.MHLW.TestDetail})] Unknown reference link target &#39;T:CovidReader.Models.Covid19.MHLW.TestDetail&#39;. [C:\Users\nando\Documents\GitHub\CovidReader\helps\CovidReader.Document\Help\Working\BuildTopics.proj]
BuildAssembler : warning : ShowMissingComponent: [M:CovidReader.Service.IInspectionService.GetAsync] Missing &lt;summary&gt; documentation [C:\Users\nando\Documents\GitHub\CovidReader\helps\CovidReader.Document\Help\Working\BuildTopics.proj]
BuildAssembler : warning : ShowMissingComponent: [M:CovidReader.Service.IInspectionService.GetAsync] Missing &lt;returns&gt; documentation [C:\Users\nando\Documents\GitHub\CovidReader\helps\CovidReader.Document\Help\Working\BuildTopics.proj]
BuildAssembler : warning : ResolveReferenceLinksComponent: [M:CovidReader.Service.IInspectionService.GetAsync] Unknown reference link target &#39;T:CovidReader.Models.Api.Inspection&#39;. [C:\Users\nando\Documents\GitHub\CovidReader\helps\CovidReader.Document\Help\Working\BuildTopics.proj]
BuildAssembler : warning : ResolveReferenceLinksComponent: [M:CovidReader.Service.IInspectionService.GetAsync] Unknown reference link target &#39;T:CovidReader.Models.Api.Inspection&#39;. [C:\Users\nando\Documents\GitHub\CovidReader\helps\CovidReader.Document\Help\Working\BuildTopics.proj]
BuildAssembler : warning : ShowMissingComponent: [M:CovidReader.Service.IInspectionService.PostAsync(System.Collections.Generic.IEnumerable{CovidReader.Models.Api.Inspection})] Missing &lt;summary&gt; documentation [C:\Users\nando\Documents\GitHub\CovidReader\helps\CovidReader.Document\Help\Working\BuildTopics.proj]
BuildAssembler : warning : ShowMissingComponent: [M:CovidReader.Service.IInspectionService.PostAsync(System.Collections.Generic.IEnumerable{CovidReader.Models.Api.Inspection})] Missing &lt;returns&gt; documentation [C:\Users\nando\Documents\GitHub\CovidReader\helps\CovidReader.Document\Help\Working\BuildTopics.proj]
BuildAssembler : warning : ShowMissingComponent: [M:CovidReader.Service.IInspectionService.PostAsync(System.Collections.Generic.IEnumerable{CovidReader.Models.Api.Inspection})] Missing &lt;param name=&quot;items&quot;/&gt; documentation [C:\Users\nando\Documents\GitHub\CovidReader\helps\CovidReader.Document\Help\Working\BuildTopics.proj]
BuildAssembler : warning : ResolveReferenceLinksComponent: [M:CovidReader.Service.IInspectionService.PostAsync(System.Collections.Generic.IEnumerable{CovidReader.Models.Api.Inspection})] Unknown reference link target &#39;T:CovidReader.Models.Api.Inspection&#39;. [C:\Users\nando\Documents\GitHub\CovidReader\helps\CovidReader.Document\Help\Working\BuildTopics.proj]
BuildAssembler : warning : ResolveReferenceLinksComponent: [M:CovidReader.Service.IInspectionService.PostAsync(System.Collections.Generic.IEnumerable{CovidReader.Models.Api.Inspection})] Unknown reference link target &#39;T:CovidReader.Models.Api.Inspection&#39;. [C:\Users\nando\Documents\GitHub\CovidReader\helps\CovidReader.Document\Help\Working\BuildTopics.proj]
BuildAssembler : warning : ShowMissingComponent: [T:CovidReader.Service.IQueries`1] Missing &lt;summary&gt; documentation [C:\Users\nando\Documents\GitHub\CovidReader\helps\CovidReader.Document\Help\Working\BuildTopics.proj]
BuildAssembler : warning : ShowMissingComponent: [T:CovidReader.Service.IQueries`1] Missing &lt;typeparam name=&quot;T&quot;/&gt; documentation [C:\Users\nando\Documents\GitHub\CovidReader\helps\CovidReader.Document\Help\Working\BuildTopics.proj]
BuildAssembler : warning : ShowMissingComponent: [M:CovidReader.Service.IQueries`1.ReadAllAsync] Missing &lt;summary&gt; documentation [C:\Users\nando\Documents\GitHub\CovidReader\helps\CovidReader.Document\Help\Working\BuildTopics.proj]
BuildAssembler : warning : ShowMissingComponent: [M:CovidReader.Service.IQueries`1.ReadAllAsync] Missing &lt;returns&gt; documentation [C:\Users\nando\Documents\GitHub\CovidReader\helps\CovidReader.Document\Help\Working\BuildTopics.proj]
BuildAssembler : warning : ShowMissingComponent: [M:CovidReader.Service.IQueries`1.ReadAsync(System.Guid)] Missing &lt;summary&gt; documentation [C:\Users\nando\Documents\GitHub\CovidReader\helps\CovidReader.Document\Help\Working\BuildTopics.proj]
BuildAssembler : warning : ShowMissingComponent: [M:CovidReader.Service.IQueries`1.ReadAsync(System.Guid)] Missing &lt;returns&gt; documentation [C:\Users\nando\Documents\GitHub\CovidReader\helps\CovidReader.Document\Help\Working\BuildTopics.proj]
BuildAssembler : warning : ShowMissingComponent: [M:CovidReader.Service.IQueries`1.ReadAsync(System.Guid)] Missing &lt;param name=&quot;id&quot;/&gt; documentation [C:\Users\nando\Documents\GitHub\CovidReader\helps\CovidReader.Document\Help\Working\BuildTopics.proj]
BuildAssembler : warning : ShowMissingComponent: [T:CovidReader.Service.ISettingService] Missing &lt;summary&gt; documentation [C:\Users\nando\Documents\GitHub\CovidReader\helps\CovidReader.Document\Help\Working\BuildTopics.proj]
BuildAssembler : warning : ShowMissingComponent: [N:CovidReader.Service.Api] Missing &lt;summary&gt; documentation [C:\Users\nando\Documents\GitHub\CovidReader\helps\CovidReader.Document\Help\Working\BuildTopics.proj]
BuildAssembler : warning : ShowMissingComponent: [T:CovidReader.Service.Api.IAccountFactory] Missing &lt;summary&gt; documentation [C:\Users\nando\Documents\GitHub\CovidReader\helps\CovidReader.Document\Help\Working\BuildTopics.proj]
  Processed 50 topic(s)
  100 warning(s)
  CopyFromIndexComponent: &quot;metadata&quot; in-memory cache entries used: 1 of 15.
  ResolveArtLinksComponent: Copying media files...
  ResolveArtLinksComponent: Copying media files...
  CopyFromIndexComponent: &quot;reflection&quot; in-memory cache entries used: 4 of 15.
  CopyFromIndexComponent: &quot;comments&quot; in-memory cache entries used: 1 of 30.
プロジェクト &quot;C:\Users\nando\Documents\GitHub\CovidReader\helps\CovidReader.Document\Help\Working\BuildTopics.proj&quot; (既定のターゲット) のビルドが完了しました。
    Last step completed in 00:00:07.9701
</buildStep>
<buildStep step="CombiningIntermediateTocFiles">
Combining conceptual and API intermediate TOC files...
    Last step completed in 00:00:00.0020
</buildStep>
<buildStep step="ExtractingHtmlInfo">
Extracting HTML info for HTML Help 1 and/or website...
[C:\Program Files (x86)\Microsoft Visual Studio\2019\Community\MSBuild\Current\Bin\MSBuild.exe - ExtractHtmlInfo.proj]
Sandcastle Help File Builder and Tools, version 2021.4.9.0
Copyright c 2006-2021, Eric Woodruff, All Rights Reserved
E-Mail: Eric@EWoodruff.us

Using LCID &#39;1041&#39;, code page &#39;932&#39;, encoding charset &#39;shift-jis&#39;.

Processing Help 1 files in C:\Users\nando\Documents\GitHub\CovidReader\helps\CovidReader.Document\Help\Working\Output\HtmlHelp1
Processed 50 HTML files
Sorting keywords and generating See Also indices
Saving HTML Help 1 keyword index to C:\Users\nando\Documents\GitHub\CovidReader\helps\CovidReader.Document\Help\Working\CoronaReader.Document.hhk
Saving HTML Help 1 table of contents to C:\Users\nando\Documents\GitHub\CovidReader\helps\CovidReader.Document\Help\Working\CoronaReader.Document.hhc

Processing website files in C:\Users\nando\Documents\GitHub\CovidReader\helps\CovidReader.Document\Help\Working\Output\Website
Processed 50 HTML files
Sorting keywords and generating See Also indices
Saving website keyword index to C:\Users\nando\Documents\GitHub\CovidReader\helps\CovidReader.Document\Help\Working\WebKI.xml
Saving website table of contents to C:\Users\nando\Documents\GitHub\CovidReader\helps\CovidReader.Document\Help\Working\WebTOC.xml
    Last step completed in 00:00:00.6650
</buildStep>
<buildStep step="CopyStandardHelpContent">
Copying standard help content...
C:\Program Files (x86)\EWSoftware\Sandcastle Help File Builder\PresentationStyles\VS2013\icons\AlertCaution.png -&gt; C:\Users\nando\Documents\GitHub\CovidReader\helps\CovidReader.Document\Help\Working\Output\HtmlHelp1\icons\AlertCaution.png
C:\Program Files (x86)\EWSoftware\Sandcastle Help File Builder\PresentationStyles\VS2013\icons\AlertNote.png -&gt; C:\Users\nando\Documents\GitHub\CovidReader\helps\CovidReader.Document\Help\Working\Output\HtmlHelp1\icons\AlertNote.png
C:\Program Files (x86)\EWSoftware\Sandcastle Help File Builder\PresentationStyles\VS2013\icons\AlertSecurity.png -&gt; C:\Users\nando\Documents\GitHub\CovidReader\helps\CovidReader.Document\Help\Working\Output\HtmlHelp1\icons\AlertSecurity.png
C:\Program Files (x86)\EWSoftware\Sandcastle Help File Builder\PresentationStyles\VS2013\icons\CFW.gif -&gt; C:\Users\nando\Documents\GitHub\CovidReader\helps\CovidReader.Document\Help\Working\Output\HtmlHelp1\icons\CFW.gif
C:\Program Files (x86)\EWSoftware\Sandcastle Help File Builder\PresentationStyles\VS2013\icons\CodeExample.png -&gt; C:\Users\nando\Documents\GitHub\CovidReader\helps\CovidReader.Document\Help\Working\Output\HtmlHelp1\icons\CodeExample.png
C:\Program Files (x86)\EWSoftware\Sandcastle Help File Builder\PresentationStyles\VS2013\icons\favicon.ico -&gt; C:\Users\nando\Documents\GitHub\CovidReader\helps\CovidReader.Document\Help\Working\Output\HtmlHelp1\icons\favicon.ico
C:\Program Files (x86)\EWSoftware\Sandcastle Help File Builder\PresentationStyles\VS2013\icons\privclass.gif -&gt; C:\Users\nando\Documents\GitHub\CovidReader\helps\CovidReader.Document\Help\Working\Output\HtmlHelp1\icons\privclass.gif
C:\Program Files (x86)\EWSoftware\Sandcastle Help File Builder\PresentationStyles\VS2013\icons\privdelegate.gif -&gt; C:\Users\nando\Documents\GitHub\CovidReader\helps\CovidReader.Document\Help\Working\Output\HtmlHelp1\icons\privdelegate.gif
C:\Program Files (x86)\EWSoftware\Sandcastle Help File Builder\PresentationStyles\VS2013\icons\privenumeration.gif -&gt; C:\Users\nando\Documents\GitHub\CovidReader\helps\CovidReader.Document\Help\Working\Output\HtmlHelp1\icons\privenumeration.gif
C:\Program Files (x86)\EWSoftware\Sandcastle Help File Builder\PresentationStyles\VS2013\icons\privevent.gif -&gt; C:\Users\nando\Documents\GitHub\CovidReader\helps\CovidReader.Document\Help\Working\Output\HtmlHelp1\icons\privevent.gif
C:\Program Files (x86)\EWSoftware\Sandcastle Help File Builder\PresentationStyles\VS2013\icons\privextension.gif -&gt; C:\Users\nando\Documents\GitHub\CovidReader\helps\CovidReader.Document\Help\Working\Output\HtmlHelp1\icons\privextension.gif
C:\Program Files (x86)\EWSoftware\Sandcastle Help File Builder\PresentationStyles\VS2013\icons\privfield.gif -&gt; C:\Users\nando\Documents\GitHub\CovidReader\helps\CovidReader.Document\Help\Working\Output\HtmlHelp1\icons\privfield.gif
C:\Program Files (x86)\EWSoftware\Sandcastle Help File Builder\PresentationStyles\VS2013\icons\privinterface.gif -&gt; C:\Users\nando\Documents\GitHub\CovidReader\helps\CovidReader.Document\Help\Working\Output\HtmlHelp1\icons\privinterface.gif
C:\Program Files (x86)\EWSoftware\Sandcastle Help File Builder\PresentationStyles\VS2013\icons\privmethod.gif -&gt; C:\Users\nando\Documents\GitHub\CovidReader\helps\CovidReader.Document\Help\Working\Output\HtmlHelp1\icons\privmethod.gif
C:\Program Files (x86)\EWSoftware\Sandcastle Help File Builder\PresentationStyles\VS2013\icons\privproperty.gif -&gt; C:\Users\nando\Documents\GitHub\CovidReader\helps\CovidReader.Document\Help\Working\Output\HtmlHelp1\icons\privproperty.gif
C:\Program Files (x86)\EWSoftware\Sandcastle Help File Builder\PresentationStyles\VS2013\icons\privstructure.gif -&gt; C:\Users\nando\Documents\GitHub\CovidReader\helps\CovidReader.Document\Help\Working\Output\HtmlHelp1\icons\privstructure.gif
C:\Program Files (x86)\EWSoftware\Sandcastle Help File Builder\PresentationStyles\VS2013\icons\protclass.gif -&gt; C:\Users\nando\Documents\GitHub\CovidReader\helps\CovidReader.Document\Help\Working\Output\HtmlHelp1\icons\protclass.gif
C:\Program Files (x86)\EWSoftware\Sandcastle Help File Builder\PresentationStyles\VS2013\icons\protdelegate.gif -&gt; C:\Users\nando\Documents\GitHub\CovidReader\helps\CovidReader.Document\Help\Working\Output\HtmlHelp1\icons\protdelegate.gif
C:\Program Files (x86)\EWSoftware\Sandcastle Help File Builder\PresentationStyles\VS2013\icons\protenumeration.gif -&gt; C:\Users\nando\Documents\GitHub\CovidReader\helps\CovidReader.Document\Help\Working\Output\HtmlHelp1\icons\protenumeration.gif
C:\Program Files (x86)\EWSoftware\Sandcastle Help File Builder\PresentationStyles\VS2013\icons\protevent.gif -&gt; C:\Users\nando\Documents\GitHub\CovidReader\helps\CovidReader.Document\Help\Working\Output\HtmlHelp1\icons\protevent.gif
C:\Program Files (x86)\EWSoftware\Sandcastle Help File Builder\PresentationStyles\VS2013\icons\protextension.gif -&gt; C:\Users\nando\Documents\GitHub\CovidReader\helps\CovidReader.Document\Help\Working\Output\HtmlHelp1\icons\protextension.gif
C:\Program Files (x86)\EWSoftware\Sandcastle Help File Builder\PresentationStyles\VS2013\icons\protfield.gif -&gt; C:\Users\nando\Documents\GitHub\CovidReader\helps\CovidReader.Document\Help\Working\Output\HtmlHelp1\icons\protfield.gif
C:\Program Files (x86)\EWSoftware\Sandcastle Help File Builder\PresentationStyles\VS2013\icons\protinterface.gif -&gt; C:\Users\nando\Documents\GitHub\CovidReader\helps\CovidReader.Document\Help\Working\Output\HtmlHelp1\icons\protinterface.gif
C:\Program Files (x86)\EWSoftware\Sandcastle Help File Builder\PresentationStyles\VS2013\icons\protmethod.gif -&gt; C:\Users\nando\Documents\GitHub\CovidReader\helps\CovidReader.Document\Help\Working\Output\HtmlHelp1\icons\protmethod.gif
C:\Program Files (x86)\EWSoftware\Sandcastle Help File Builder\PresentationStyles\VS2013\icons\protoperator.gif -&gt; C:\Users\nando\Documents\GitHub\CovidReader\helps\CovidReader.Document\Help\Working\Output\HtmlHelp1\icons\protoperator.gif
C:\Program Files (x86)\EWSoftware\Sandcastle Help File Builder\PresentationStyles\VS2013\icons\protproperty.gif -&gt; C:\Users\nando\Documents\GitHub\CovidReader\helps\CovidReader.Document\Help\Working\Output\HtmlHelp1\icons\protproperty.gif
C:\Program Files (x86)\EWSoftware\Sandcastle Help File Builder\PresentationStyles\VS2013\icons\protstructure.gif -&gt; C:\Users\nando\Documents\GitHub\CovidReader\helps\CovidReader.Document\Help\Working\Output\HtmlHelp1\icons\protstructure.gif
C:\Program Files (x86)\EWSoftware\Sandcastle Help File Builder\PresentationStyles\VS2013\icons\pubclass.gif -&gt; C:\Users\nando\Documents\GitHub\CovidReader\helps\CovidReader.Document\Help\Working\Output\HtmlHelp1\icons\pubclass.gif
C:\Program Files (x86)\EWSoftware\Sandcastle Help File Builder\PresentationStyles\VS2013\icons\pubdelegate.gif -&gt; C:\Users\nando\Documents\GitHub\CovidReader\helps\CovidReader.Document\Help\Working\Output\HtmlHelp1\icons\pubdelegate.gif
C:\Program Files (x86)\EWSoftware\Sandcastle Help File Builder\PresentationStyles\VS2013\icons\pubenumeration.gif -&gt; C:\Users\nando\Documents\GitHub\CovidReader\helps\CovidReader.Document\Help\Working\Output\HtmlHelp1\icons\pubenumeration.gif
C:\Program Files (x86)\EWSoftware\Sandcastle Help File Builder\PresentationStyles\VS2013\icons\pubevent.gif -&gt; C:\Users\nando\Documents\GitHub\CovidReader\helps\CovidReader.Document\Help\Working\Output\HtmlHelp1\icons\pubevent.gif
C:\Program Files (x86)\EWSoftware\Sandcastle Help File Builder\PresentationStyles\VS2013\icons\pubextension.gif -&gt; C:\Users\nando\Documents\GitHub\CovidReader\helps\CovidReader.Document\Help\Working\Output\HtmlHelp1\icons\pubextension.gif
C:\Program Files (x86)\EWSoftware\Sandcastle Help File Builder\PresentationStyles\VS2013\icons\pubfield.gif -&gt; C:\Users\nando\Documents\GitHub\CovidReader\helps\CovidReader.Document\Help\Working\Output\HtmlHelp1\icons\pubfield.gif
C:\Program Files (x86)\EWSoftware\Sandcastle Help File Builder\PresentationStyles\VS2013\icons\pubinterface.gif -&gt; C:\Users\nando\Documents\GitHub\CovidReader\helps\CovidReader.Document\Help\Working\Output\HtmlHelp1\icons\pubinterface.gif
C:\Program Files (x86)\EWSoftware\Sandcastle Help File Builder\PresentationStyles\VS2013\icons\pubmethod.gif -&gt; C:\Users\nando\Documents\GitHub\CovidReader\helps\CovidReader.Document\Help\Working\Output\HtmlHelp1\icons\pubmethod.gif
C:\Program Files (x86)\EWSoftware\Sandcastle Help File Builder\PresentationStyles\VS2013\icons\puboperator.gif -&gt; C:\Users\nando\Documents\GitHub\CovidReader\helps\CovidReader.Document\Help\Working\Output\HtmlHelp1\icons\puboperator.gif
C:\Program Files (x86)\EWSoftware\Sandcastle Help File Builder\PresentationStyles\VS2013\icons\pubproperty.gif -&gt; C:\Users\nando\Documents\GitHub\CovidReader\helps\CovidReader.Document\Help\Working\Output\HtmlHelp1\icons\pubproperty.gif
C:\Program Files (x86)\EWSoftware\Sandcastle Help File Builder\PresentationStyles\VS2013\icons\pubstructure.gif -&gt; C:\Users\nando\Documents\GitHub\CovidReader\helps\CovidReader.Document\Help\Working\Output\HtmlHelp1\icons\pubstructure.gif
C:\Program Files (x86)\EWSoftware\Sandcastle Help File Builder\PresentationStyles\VS2013\icons\SectionCollapsed.png -&gt; C:\Users\nando\Documents\GitHub\CovidReader\helps\CovidReader.Document\Help\Working\Output\HtmlHelp1\icons\SectionCollapsed.png
C:\Program Files (x86)\EWSoftware\Sandcastle Help File Builder\PresentationStyles\VS2013\icons\SectionExpanded.png -&gt; C:\Users\nando\Documents\GitHub\CovidReader\helps\CovidReader.Document\Help\Working\Output\HtmlHelp1\icons\SectionExpanded.png
C:\Program Files (x86)\EWSoftware\Sandcastle Help File Builder\PresentationStyles\VS2013\icons\slMobile.gif -&gt; C:\Users\nando\Documents\GitHub\CovidReader\helps\CovidReader.Document\Help\Working\Output\HtmlHelp1\icons\slMobile.gif
C:\Program Files (x86)\EWSoftware\Sandcastle Help File Builder\PresentationStyles\VS2013\icons\static.gif -&gt; C:\Users\nando\Documents\GitHub\CovidReader\helps\CovidReader.Document\Help\Working\Output\HtmlHelp1\icons\static.gif
C:\Program Files (x86)\EWSoftware\Sandcastle Help File Builder\PresentationStyles\VS2013\icons\xna.gif -&gt; C:\Users\nando\Documents\GitHub\CovidReader\helps\CovidReader.Document\Help\Working\Output\HtmlHelp1\icons\xna.gif
C:\Program Files (x86)\EWSoftware\Sandcastle Help File Builder\PresentationStyles\VS2013\scripts\branding.js -&gt; C:\Users\nando\Documents\GitHub\CovidReader\helps\CovidReader.Document\Help\Working\Output\HtmlHelp1\scripts\branding.js
C:\Program Files (x86)\EWSoftware\Sandcastle Help File Builder\PresentationStyles\VS2013\styles\branding-cs-CZ.css -&gt; C:\Users\nando\Documents\GitHub\CovidReader\helps\CovidReader.Document\Help\Working\Output\HtmlHelp1\styles\branding-cs-CZ.css
C:\Program Files (x86)\EWSoftware\Sandcastle Help File Builder\PresentationStyles\VS2013\styles\branding-de-DE.css -&gt; C:\Users\nando\Documents\GitHub\CovidReader\helps\CovidReader.Document\Help\Working\Output\HtmlHelp1\styles\branding-de-DE.css
C:\Program Files (x86)\EWSoftware\Sandcastle Help File Builder\PresentationStyles\VS2013\styles\branding-en-US.css -&gt; C:\Users\nando\Documents\GitHub\CovidReader\helps\CovidReader.Document\Help\Working\Output\HtmlHelp1\styles\branding-en-US.css
C:\Program Files (x86)\EWSoftware\Sandcastle Help File Builder\PresentationStyles\VS2013\styles\branding-es-ES.css -&gt; C:\Users\nando\Documents\GitHub\CovidReader\helps\CovidReader.Document\Help\Working\Output\HtmlHelp1\styles\branding-es-ES.css
C:\Program Files (x86)\EWSoftware\Sandcastle Help File Builder\PresentationStyles\VS2013\styles\branding-fr-FR.css -&gt; C:\Users\nando\Documents\GitHub\CovidReader\helps\CovidReader.Document\Help\Working\Output\HtmlHelp1\styles\branding-fr-FR.css
C:\Program Files (x86)\EWSoftware\Sandcastle Help File Builder\PresentationStyles\VS2013\styles\branding-Help1.css -&gt; C:\Users\nando\Documents\GitHub\CovidReader\helps\CovidReader.Document\Help\Working\Output\HtmlHelp1\styles\branding-Help1.css
C:\Program Files (x86)\EWSoftware\Sandcastle Help File Builder\PresentationStyles\VS2013\styles\branding-HelpViewer.css -&gt; C:\Users\nando\Documents\GitHub\CovidReader\helps\CovidReader.Document\Help\Working\Output\HtmlHelp1\styles\branding-HelpViewer.css
C:\Program Files (x86)\EWSoftware\Sandcastle Help File Builder\PresentationStyles\VS2013\styles\branding-it-IT.css -&gt; C:\Users\nando\Documents\GitHub\CovidReader\helps\CovidReader.Document\Help\Working\Output\HtmlHelp1\styles\branding-it-IT.css
C:\Program Files (x86)\EWSoftware\Sandcastle Help File Builder\PresentationStyles\VS2013\styles\branding-ja-JP.css -&gt; C:\Users\nando\Documents\GitHub\CovidReader\helps\CovidReader.Document\Help\Working\Output\HtmlHelp1\styles\branding-ja-JP.css
C:\Program Files (x86)\EWSoftware\Sandcastle Help File Builder\PresentationStyles\VS2013\styles\branding-ko-KR.css -&gt; C:\Users\nando\Documents\GitHub\CovidReader\helps\CovidReader.Document\Help\Working\Output\HtmlHelp1\styles\branding-ko-KR.css
C:\Program Files (x86)\EWSoftware\Sandcastle Help File Builder\PresentationStyles\VS2013\styles\branding-pl-PL.css -&gt; C:\Users\nando\Documents\GitHub\CovidReader\helps\CovidReader.Document\Help\Working\Output\HtmlHelp1\styles\branding-pl-PL.css
C:\Program Files (x86)\EWSoftware\Sandcastle Help File Builder\PresentationStyles\VS2013\styles\branding-pt-BR.css -&gt; C:\Users\nando\Documents\GitHub\CovidReader\helps\CovidReader.Document\Help\Working\Output\HtmlHelp1\styles\branding-pt-BR.css
C:\Program Files (x86)\EWSoftware\Sandcastle Help File Builder\PresentationStyles\VS2013\styles\branding-ru-RU.css -&gt; C:\Users\nando\Documents\GitHub\CovidReader\helps\CovidReader.Document\Help\Working\Output\HtmlHelp1\styles\branding-ru-RU.css
C:\Program Files (x86)\EWSoftware\Sandcastle Help File Builder\PresentationStyles\VS2013\styles\branding-tr-TR.css -&gt; C:\Users\nando\Documents\GitHub\CovidReader\helps\CovidReader.Document\Help\Working\Output\HtmlHelp1\styles\branding-tr-TR.css
C:\Program Files (x86)\EWSoftware\Sandcastle Help File Builder\PresentationStyles\VS2013\styles\branding-Website.css -&gt; C:\Users\nando\Documents\GitHub\CovidReader\helps\CovidReader.Document\Help\Working\Output\HtmlHelp1\styles\branding-Website.css
C:\Program Files (x86)\EWSoftware\Sandcastle Help File Builder\PresentationStyles\VS2013\styles\branding-zh-CN.css -&gt; C:\Users\nando\Documents\GitHub\CovidReader\helps\CovidReader.Document\Help\Working\Output\HtmlHelp1\styles\branding-zh-CN.css
C:\Program Files (x86)\EWSoftware\Sandcastle Help File Builder\PresentationStyles\VS2013\styles\branding-zh-TW.css -&gt; C:\Users\nando\Documents\GitHub\CovidReader\helps\CovidReader.Document\Help\Working\Output\HtmlHelp1\styles\branding-zh-TW.css
C:\Program Files (x86)\EWSoftware\Sandcastle Help File Builder\PresentationStyles\VS2013\styles\branding.css -&gt; C:\Users\nando\Documents\GitHub\CovidReader\helps\CovidReader.Document\Help\Working\Output\HtmlHelp1\styles\branding.css
C:\Program Files (x86)\EWSoftware\Sandcastle Help File Builder\PresentationStyles\VS2013\icons\AlertCaution.png -&gt; C:\Users\nando\Documents\GitHub\CovidReader\helps\CovidReader.Document\Help\Working\Output\Website\icons\AlertCaution.png
C:\Program Files (x86)\EWSoftware\Sandcastle Help File Builder\PresentationStyles\VS2013\icons\AlertNote.png -&gt; C:\Users\nando\Documents\GitHub\CovidReader\helps\CovidReader.Document\Help\Working\Output\Website\icons\AlertNote.png
C:\Program Files (x86)\EWSoftware\Sandcastle Help File Builder\PresentationStyles\VS2013\icons\AlertSecurity.png -&gt; C:\Users\nando\Documents\GitHub\CovidReader\helps\CovidReader.Document\Help\Working\Output\Website\icons\AlertSecurity.png
C:\Program Files (x86)\EWSoftware\Sandcastle Help File Builder\PresentationStyles\VS2013\icons\CFW.gif -&gt; C:\Users\nando\Documents\GitHub\CovidReader\helps\CovidReader.Document\Help\Working\Output\Website\icons\CFW.gif
C:\Program Files (x86)\EWSoftware\Sandcastle Help File Builder\PresentationStyles\VS2013\icons\CodeExample.png -&gt; C:\Users\nando\Documents\GitHub\CovidReader\helps\CovidReader.Document\Help\Working\Output\Website\icons\CodeExample.png
C:\Program Files (x86)\EWSoftware\Sandcastle Help File Builder\PresentationStyles\VS2013\icons\favicon.ico -&gt; C:\Users\nando\Documents\GitHub\CovidReader\helps\CovidReader.Document\Help\Working\Output\Website\icons\favicon.ico
C:\Program Files (x86)\EWSoftware\Sandcastle Help File Builder\PresentationStyles\VS2013\icons\privclass.gif -&gt; C:\Users\nando\Documents\GitHub\CovidReader\helps\CovidReader.Document\Help\Working\Output\Website\icons\privclass.gif
C:\Program Files (x86)\EWSoftware\Sandcastle Help File Builder\PresentationStyles\VS2013\icons\privdelegate.gif -&gt; C:\Users\nando\Documents\GitHub\CovidReader\helps\CovidReader.Document\Help\Working\Output\Website\icons\privdelegate.gif
C:\Program Files (x86)\EWSoftware\Sandcastle Help File Builder\PresentationStyles\VS2013\icons\privenumeration.gif -&gt; C:\Users\nando\Documents\GitHub\CovidReader\helps\CovidReader.Document\Help\Working\Output\Website\icons\privenumeration.gif
C:\Program Files (x86)\EWSoftware\Sandcastle Help File Builder\PresentationStyles\VS2013\icons\privevent.gif -&gt; C:\Users\nando\Documents\GitHub\CovidReader\helps\CovidReader.Document\Help\Working\Output\Website\icons\privevent.gif
C:\Program Files (x86)\EWSoftware\Sandcastle Help File Builder\PresentationStyles\VS2013\icons\privextension.gif -&gt; C:\Users\nando\Documents\GitHub\CovidReader\helps\CovidReader.Document\Help\Working\Output\Website\icons\privextension.gif
C:\Program Files (x86)\EWSoftware\Sandcastle Help File Builder\PresentationStyles\VS2013\icons\privfield.gif -&gt; C:\Users\nando\Documents\GitHub\CovidReader\helps\CovidReader.Document\Help\Working\Output\Website\icons\privfield.gif
C:\Program Files (x86)\EWSoftware\Sandcastle Help File Builder\PresentationStyles\VS2013\icons\privinterface.gif -&gt; C:\Users\nando\Documents\GitHub\CovidReader\helps\CovidReader.Document\Help\Working\Output\Website\icons\privinterface.gif
C:\Program Files (x86)\EWSoftware\Sandcastle Help File Builder\PresentationStyles\VS2013\icons\privmethod.gif -&gt; C:\Users\nando\Documents\GitHub\CovidReader\helps\CovidReader.Document\Help\Working\Output\Website\icons\privmethod.gif
C:\Program Files (x86)\EWSoftware\Sandcastle Help File Builder\PresentationStyles\VS2013\icons\privproperty.gif -&gt; C:\Users\nando\Documents\GitHub\CovidReader\helps\CovidReader.Document\Help\Working\Output\Website\icons\privproperty.gif
C:\Program Files (x86)\EWSoftware\Sandcastle Help File Builder\PresentationStyles\VS2013\icons\privstructure.gif -&gt; C:\Users\nando\Documents\GitHub\CovidReader\helps\CovidReader.Document\Help\Working\Output\Website\icons\privstructure.gif
C:\Program Files (x86)\EWSoftware\Sandcastle Help File Builder\PresentationStyles\VS2013\icons\protclass.gif -&gt; C:\Users\nando\Documents\GitHub\CovidReader\helps\CovidReader.Document\Help\Working\Output\Website\icons\protclass.gif
C:\Program Files (x86)\EWSoftware\Sandcastle Help File Builder\PresentationStyles\VS2013\icons\protdelegate.gif -&gt; C:\Users\nando\Documents\GitHub\CovidReader\helps\CovidReader.Document\Help\Working\Output\Website\icons\protdelegate.gif
C:\Program Files (x86)\EWSoftware\Sandcastle Help File Builder\PresentationStyles\VS2013\icons\protenumeration.gif -&gt; C:\Users\nando\Documents\GitHub\CovidReader\helps\CovidReader.Document\Help\Working\Output\Website\icons\protenumeration.gif
C:\Program Files (x86)\EWSoftware\Sandcastle Help File Builder\PresentationStyles\VS2013\icons\protevent.gif -&gt; C:\Users\nando\Documents\GitHub\CovidReader\helps\CovidReader.Document\Help\Working\Output\Website\icons\protevent.gif
C:\Program Files (x86)\EWSoftware\Sandcastle Help File Builder\PresentationStyles\VS2013\icons\protextension.gif -&gt; C:\Users\nando\Documents\GitHub\CovidReader\helps\CovidReader.Document\Help\Working\Output\Website\icons\protextension.gif
C:\Program Files (x86)\EWSoftware\Sandcastle Help File Builder\PresentationStyles\VS2013\icons\protfield.gif -&gt; C:\Users\nando\Documents\GitHub\CovidReader\helps\CovidReader.Document\Help\Working\Output\Website\icons\protfield.gif
C:\Program Files (x86)\EWSoftware\Sandcastle Help File Builder\PresentationStyles\VS2013\icons\protinterface.gif -&gt; C:\Users\nando\Documents\GitHub\CovidReader\helps\CovidReader.Document\Help\Working\Output\Website\icons\protinterface.gif
C:\Program Files (x86)\EWSoftware\Sandcastle Help File Builder\PresentationStyles\VS2013\icons\protmethod.gif -&gt; C:\Users\nando\Documents\GitHub\CovidReader\helps\CovidReader.Document\Help\Working\Output\Website\icons\protmethod.gif
C:\Program Files (x86)\EWSoftware\Sandcastle Help File Builder\PresentationStyles\VS2013\icons\protoperator.gif -&gt; C:\Users\nando\Documents\GitHub\CovidReader\helps\CovidReader.Document\Help\Working\Output\Website\icons\protoperator.gif
C:\Program Files (x86)\EWSoftware\Sandcastle Help File Builder\PresentationStyles\VS2013\icons\protproperty.gif -&gt; C:\Users\nando\Documents\GitHub\CovidReader\helps\CovidReader.Document\Help\Working\Output\Website\icons\protproperty.gif
C:\Program Files (x86)\EWSoftware\Sandcastle Help File Builder\PresentationStyles\VS2013\icons\protstructure.gif -&gt; C:\Users\nando\Documents\GitHub\CovidReader\helps\CovidReader.Document\Help\Working\Output\Website\icons\protstructure.gif
C:\Program Files (x86)\EWSoftware\Sandcastle Help File Builder\PresentationStyles\VS2013\icons\pubclass.gif -&gt; C:\Users\nando\Documents\GitHub\CovidReader\helps\CovidReader.Document\Help\Working\Output\Website\icons\pubclass.gif
C:\Program Files (x86)\EWSoftware\Sandcastle Help File Builder\PresentationStyles\VS2013\icons\pubdelegate.gif -&gt; C:\Users\nando\Documents\GitHub\CovidReader\helps\CovidReader.Document\Help\Working\Output\Website\icons\pubdelegate.gif
C:\Program Files (x86)\EWSoftware\Sandcastle Help File Builder\PresentationStyles\VS2013\icons\pubenumeration.gif -&gt; C:\Users\nando\Documents\GitHub\CovidReader\helps\CovidReader.Document\Help\Working\Output\Website\icons\pubenumeration.gif
C:\Program Files (x86)\EWSoftware\Sandcastle Help File Builder\PresentationStyles\VS2013\icons\pubevent.gif -&gt; C:\Users\nando\Documents\GitHub\CovidReader\helps\CovidReader.Document\Help\Working\Output\Website\icons\pubevent.gif
C:\Program Files (x86)\EWSoftware\Sandcastle Help File Builder\PresentationStyles\VS2013\icons\pubextension.gif -&gt; C:\Users\nando\Documents\GitHub\CovidReader\helps\CovidReader.Document\Help\Working\Output\Website\icons\pubextension.gif
C:\Program Files (x86)\EWSoftware\Sandcastle Help File Builder\PresentationStyles\VS2013\icons\pubfield.gif -&gt; C:\Users\nando\Documents\GitHub\CovidReader\helps\CovidReader.Document\Help\Working\Output\Website\icons\pubfield.gif
C:\Program Files (x86)\EWSoftware\Sandcastle Help File Builder\PresentationStyles\VS2013\icons\pubinterface.gif -&gt; C:\Users\nando\Documents\GitHub\CovidReader\helps\CovidReader.Document\Help\Working\Output\Website\icons\pubinterface.gif
C:\Program Files (x86)\EWSoftware\Sandcastle Help File Builder\PresentationStyles\VS2013\icons\pubmethod.gif -&gt; C:\Users\nando\Documents\GitHub\CovidReader\helps\CovidReader.Document\Help\Working\Output\Website\icons\pubmethod.gif
C:\Program Files (x86)\EWSoftware\Sandcastle Help File Builder\PresentationStyles\VS2013\icons\puboperator.gif -&gt; C:\Users\nando\Documents\GitHub\CovidReader\helps\CovidReader.Document\Help\Working\Output\Website\icons\puboperator.gif
C:\Program Files (x86)\EWSoftware\Sandcastle Help File Builder\PresentationStyles\VS2013\icons\pubproperty.gif -&gt; C:\Users\nando\Documents\GitHub\CovidReader\helps\CovidReader.Document\Help\Working\Output\Website\icons\pubproperty.gif
C:\Program Files (x86)\EWSoftware\Sandcastle Help File Builder\PresentationStyles\VS2013\icons\pubstructure.gif -&gt; C:\Users\nando\Documents\GitHub\CovidReader\helps\CovidReader.Document\Help\Working\Output\Website\icons\pubstructure.gif
C:\Program Files (x86)\EWSoftware\Sandcastle Help File Builder\PresentationStyles\VS2013\icons\SectionCollapsed.png -&gt; C:\Users\nando\Documents\GitHub\CovidReader\helps\CovidReader.Document\Help\Working\Output\Website\icons\SectionCollapsed.png
C:\Program Files (x86)\EWSoftware\Sandcastle Help File Builder\PresentationStyles\VS2013\icons\SectionExpanded.png -&gt; C:\Users\nando\Documents\GitHub\CovidReader\helps\CovidReader.Document\Help\Working\Output\Website\icons\SectionExpanded.png
C:\Program Files (x86)\EWSoftware\Sandcastle Help File Builder\PresentationStyles\VS2013\icons\slMobile.gif -&gt; C:\Users\nando\Documents\GitHub\CovidReader\helps\CovidReader.Document\Help\Working\Output\Website\icons\slMobile.gif
C:\Program Files (x86)\EWSoftware\Sandcastle Help File Builder\PresentationStyles\VS2013\icons\static.gif -&gt; C:\Users\nando\Documents\GitHub\CovidReader\helps\CovidReader.Document\Help\Working\Output\Website\icons\static.gif
C:\Program Files (x86)\EWSoftware\Sandcastle Help File Builder\PresentationStyles\VS2013\icons\xna.gif -&gt; C:\Users\nando\Documents\GitHub\CovidReader\helps\CovidReader.Document\Help\Working\Output\Website\icons\xna.gif
C:\Program Files (x86)\EWSoftware\Sandcastle Help File Builder\PresentationStyles\VS2013\scripts\branding.js -&gt; C:\Users\nando\Documents\GitHub\CovidReader\helps\CovidReader.Document\Help\Working\Output\Website\scripts\branding.js
C:\Program Files (x86)\EWSoftware\Sandcastle Help File Builder\PresentationStyles\VS2013\styles\branding-cs-CZ.css -&gt; C:\Users\nando\Documents\GitHub\CovidReader\helps\CovidReader.Document\Help\Working\Output\Website\styles\branding-cs-CZ.css
C:\Program Files (x86)\EWSoftware\Sandcastle Help File Builder\PresentationStyles\VS2013\styles\branding-de-DE.css -&gt; C:\Users\nando\Documents\GitHub\CovidReader\helps\CovidReader.Document\Help\Working\Output\Website\styles\branding-de-DE.css
C:\Program Files (x86)\EWSoftware\Sandcastle Help File Builder\PresentationStyles\VS2013\styles\branding-en-US.css -&gt; C:\Users\nando\Documents\GitHub\CovidReader\helps\CovidReader.Document\Help\Working\Output\Website\styles\branding-en-US.css
C:\Program Files (x86)\EWSoftware\Sandcastle Help File Builder\PresentationStyles\VS2013\styles\branding-es-ES.css -&gt; C:\Users\nando\Documents\GitHub\CovidReader\helps\CovidReader.Document\Help\Working\Output\Website\styles\branding-es-ES.css
C:\Program Files (x86)\EWSoftware\Sandcastle Help File Builder\PresentationStyles\VS2013\styles\branding-fr-FR.css -&gt; C:\Users\nando\Documents\GitHub\CovidReader\helps\CovidReader.Document\Help\Working\Output\Website\styles\branding-fr-FR.css
C:\Program Files (x86)\EWSoftware\Sandcastle Help File Builder\PresentationStyles\VS2013\styles\branding-Help1.css -&gt; C:\Users\nando\Documents\GitHub\CovidReader\helps\CovidReader.Document\Help\Working\Output\Website\styles\branding-Help1.css
C:\Program Files (x86)\EWSoftware\Sandcastle Help File Builder\PresentationStyles\VS2013\styles\branding-HelpViewer.css -&gt; C:\Users\nando\Documents\GitHub\CovidReader\helps\CovidReader.Document\Help\Working\Output\Website\styles\branding-HelpViewer.css
C:\Program Files (x86)\EWSoftware\Sandcastle Help File Builder\PresentationStyles\VS2013\styles\branding-it-IT.css -&gt; C:\Users\nando\Documents\GitHub\CovidReader\helps\CovidReader.Document\Help\Working\Output\Website\styles\branding-it-IT.css
C:\Program Files (x86)\EWSoftware\Sandcastle Help File Builder\PresentationStyles\VS2013\styles\branding-ja-JP.css -&gt; C:\Users\nando\Documents\GitHub\CovidReader\helps\CovidReader.Document\Help\Working\Output\Website\styles\branding-ja-JP.css
C:\Program Files (x86)\EWSoftware\Sandcastle Help File Builder\PresentationStyles\VS2013\styles\branding-ko-KR.css -&gt; C:\Users\nando\Documents\GitHub\CovidReader\helps\CovidReader.Document\Help\Working\Output\Website\styles\branding-ko-KR.css
C:\Program Files (x86)\EWSoftware\Sandcastle Help File Builder\PresentationStyles\VS2013\styles\branding-pl-PL.css -&gt; C:\Users\nando\Documents\GitHub\CovidReader\helps\CovidReader.Document\Help\Working\Output\Website\styles\branding-pl-PL.css
C:\Program Files (x86)\EWSoftware\Sandcastle Help File Builder\PresentationStyles\VS2013\styles\branding-pt-BR.css -&gt; C:\Users\nando\Documents\GitHub\CovidReader\helps\CovidReader.Document\Help\Working\Output\Website\styles\branding-pt-BR.css
C:\Program Files (x86)\EWSoftware\Sandcastle Help File Builder\PresentationStyles\VS2013\styles\branding-ru-RU.css -&gt; C:\Users\nando\Documents\GitHub\CovidReader\helps\CovidReader.Document\Help\Working\Output\Website\styles\branding-ru-RU.css
C:\Program Files (x86)\EWSoftware\Sandcastle Help File Builder\PresentationStyles\VS2013\styles\branding-tr-TR.css -&gt; C:\Users\nando\Documents\GitHub\CovidReader\helps\CovidReader.Document\Help\Working\Output\Website\styles\branding-tr-TR.css
C:\Program Files (x86)\EWSoftware\Sandcastle Help File Builder\PresentationStyles\VS2013\styles\branding-Website.css -&gt; C:\Users\nando\Documents\GitHub\CovidReader\helps\CovidReader.Document\Help\Working\Output\Website\styles\branding-Website.css
C:\Program Files (x86)\EWSoftware\Sandcastle Help File Builder\PresentationStyles\VS2013\styles\branding-zh-CN.css -&gt; C:\Users\nando\Documents\GitHub\CovidReader\helps\CovidReader.Document\Help\Working\Output\Website\styles\branding-zh-CN.css
C:\Program Files (x86)\EWSoftware\Sandcastle Help File Builder\PresentationStyles\VS2013\styles\branding-zh-TW.css -&gt; C:\Users\nando\Documents\GitHub\CovidReader\helps\CovidReader.Document\Help\Working\Output\Website\styles\branding-zh-TW.css
C:\Program Files (x86)\EWSoftware\Sandcastle Help File Builder\PresentationStyles\VS2013\styles\branding.css -&gt; C:\Users\nando\Documents\GitHub\CovidReader\helps\CovidReader.Document\Help\Working\Output\Website\styles\branding.css
C:\Program Files (x86)\EWSoftware\Sandcastle Help File Builder\PresentationStyles\VS2013\Web\index.html -&gt; C:\Users\nando\Documents\GitHub\CovidReader\helps\CovidReader.Document\Help\Working\Output\Website\index.html
C:\Program Files (x86)\EWSoftware\Sandcastle Help File Builder\PresentationStyles\VS2013\Web\search.html -&gt; C:\Users\nando\Documents\GitHub\CovidReader\helps\CovidReader.Document\Help\Working\Output\Website\search.html
C:\Program Files (x86)\EWSoftware\Sandcastle Help File Builder\PresentationStyles\VS2013\Web\SearchHelp.aspx -&gt; C:\Users\nando\Documents\GitHub\CovidReader\helps\CovidReader.Document\Help\Working\Output\Website\SearchHelp.aspx
C:\Program Files (x86)\EWSoftware\Sandcastle Help File Builder\PresentationStyles\VS2013\Web\SearchHelp.inc.php -&gt; C:\Users\nando\Documents\GitHub\CovidReader\helps\CovidReader.Document\Help\Working\Output\Website\SearchHelp.inc.php
C:\Program Files (x86)\EWSoftware\Sandcastle Help File Builder\PresentationStyles\VS2013\Web\SearchHelp.php -&gt; C:\Users\nando\Documents\GitHub\CovidReader\helps\CovidReader.Document\Help\Working\Output\Website\SearchHelp.php
C:\Program Files (x86)\EWSoftware\Sandcastle Help File Builder\PresentationStyles\VS2013\Web\Web.Config -&gt; C:\Users\nando\Documents\GitHub\CovidReader\helps\CovidReader.Document\Help\Working\Output\Website\Web.Config
C:\Program Files (x86)\EWSoftware\Sandcastle Help File Builder\PresentationStyles\VS2013\Web\html\GeneralError.htm -&gt; C:\Users\nando\Documents\GitHub\CovidReader\helps\CovidReader.Document\Help\Working\Output\Website\html\GeneralError.htm
C:\Program Files (x86)\EWSoftware\Sandcastle Help File Builder\PresentationStyles\VS2013\Web\html\PageNotFound.htm -&gt; C:\Users\nando\Documents\GitHub\CovidReader\helps\CovidReader.Document\Help\Working\Output\Website\html\PageNotFound.htm
C:\Program Files (x86)\EWSoftware\Sandcastle Help File Builder\PresentationStyles\VS2013\Web\icons\Search.png -&gt; C:\Users\nando\Documents\GitHub\CovidReader\helps\CovidReader.Document\Help\Working\Output\Website\icons\Search.png
C:\Program Files (x86)\EWSoftware\Sandcastle Help File Builder\PresentationStyles\VS2013\Web\icons\TocClose.gif -&gt; C:\Users\nando\Documents\GitHub\CovidReader\helps\CovidReader.Document\Help\Working\Output\Website\icons\TocClose.gif
C:\Program Files (x86)\EWSoftware\Sandcastle Help File Builder\PresentationStyles\VS2013\Web\icons\TocCollapsed.gif -&gt; C:\Users\nando\Documents\GitHub\CovidReader\helps\CovidReader.Document\Help\Working\Output\Website\icons\TocCollapsed.gif
C:\Program Files (x86)\EWSoftware\Sandcastle Help File Builder\PresentationStyles\VS2013\Web\icons\TocExpanded.gif -&gt; C:\Users\nando\Documents\GitHub\CovidReader\helps\CovidReader.Document\Help\Working\Output\Website\icons\TocExpanded.gif
C:\Program Files (x86)\EWSoftware\Sandcastle Help File Builder\PresentationStyles\VS2013\Web\icons\TocOpen.gif -&gt; C:\Users\nando\Documents\GitHub\CovidReader\helps\CovidReader.Document\Help\Working\Output\Website\icons\TocOpen.gif
C:\Program Files (x86)\EWSoftware\Sandcastle Help File Builder\PresentationStyles\VS2013\Web\scripts\branding-Website.js -&gt; C:\Users\nando\Documents\GitHub\CovidReader\helps\CovidReader.Document\Help\Working\Output\Website\scripts\branding-Website.js
C:\Program Files (x86)\EWSoftware\Sandcastle Help File Builder\PresentationStyles\VS2013\Web\scripts\clipboard.min.js -&gt; C:\Users\nando\Documents\GitHub\CovidReader\helps\CovidReader.Document\Help\Working\Output\Website\scripts\clipboard.min.js
C:\Program Files (x86)\EWSoftware\Sandcastle Help File Builder\PresentationStyles\VS2013\Web\scripts\jquery-3.5.1.min.js -&gt; C:\Users\nando\Documents\GitHub\CovidReader\helps\CovidReader.Document\Help\Working\Output\Website\scripts\jquery-3.5.1.min.js
    Last step completed in 00:00:01.3010
</buildStep>
<buildStep step="GenerateHelpFormatTableOfContents">
Generating HTML Help 1 table of contents file...
    Last step completed in 00:00:00.0010
</buildStep>
<buildStep step="GenerateHelpFileIndex">
Generating HTML Help 1 index file...
    Last step completed in 00:00:00.0010
</buildStep>
<buildStep step="GenerateHelpProject">
Generating HTML Help 1 project file...
    Last step completed in 00:00:00.0090
</buildStep>
<buildStep step="CompilingHelpFile">
Compiling HTML Help 1 file...
[C:\Program Files (x86)\Microsoft Visual Studio\2019\Community\MSBuild\Current\Bin\MSBuild.exe - Build1xHelpFile.proj]
  Microsoft HTML Help Compiler 4.74.8702
  
  
  
  Compiling c:\Users\nando\Documents\GitHub\CovidReader\helps\CovidReader.Document\Help\Working\Output\HtmlHelp1\CoronaReader.Document.chm
  
  
  
  
  
  Compile time: 0 minutes, 0 seconds
  
  52	Topics
  
  497	Local links
  
  0	Internet links
  
  0	Graphics
  
  
  
  
  
  Created c:\Users\nando\Documents\GitHub\CovidReader\helps\CovidReader.Document\Help\Working\Output\HtmlHelp1\CoronaReader.Document.chm, 116,867 bytes
  
  Compression decreased file by 362,537 bytes.
  
    Last step completed in 00:00:01.4225
</buildStep>
<buildStep step="GenerateHelpFormatTableOfContents">
Generating website table of contents file...
    Last step completed in 00:00:00.0020
</buildStep>
<buildStep step="GenerateFullTextIndex">
Generating full-text index for the website...

<plugIn name="Lightweight Website Style" behavior="After" priority="1000">
Adding lightweight search and TOC elements to each topic...
</plugIn>    Last step completed in 00:00:00.2430
</buildStep>
<buildStep step="CopyingWebsiteFiles">
Copying website files to output folder...

Copied 200 files for the website content
    Last step completed in 00:00:00.8960
</buildStep>
<buildStep step="CleanIntermediates">
Removing intermediate files...
    Last step completed in 00:00:00.2390
</buildStep>
<buildStep step="Completed">

Build completed successfully at 2021/09/22 0:15:08.  Total time: 00:00:19.1336

</buildStep>
</shfbBuild>
